2022/04/09 04:02:13 INFO  - jmeter.util.JMeterUtils: Setting Locale to en_US 
2022/04/09 04:02:13 INFO  - jmeter.JMeter: Loading user properties from: /usr/share/jmeter/bin/user.properties 
2022/04/09 04:02:13 INFO  - jmeter.JMeter: Loading system properties from: /usr/share/jmeter/bin/system.properties 
2022/04/09 04:02:13 INFO  - jmeter.JMeter: Copyright (c) 1998-2014 The Apache Software Foundation 
2022/04/09 04:02:13 INFO  - jmeter.JMeter: Version 2.11.20151206 
2022/04/09 04:02:13 INFO  - jmeter.JMeter: java.version=11.0.14 
2022/04/09 04:02:13 INFO  - jmeter.JMeter: java.vm.name=OpenJDK 64-Bit Server VM 
2022/04/09 04:02:13 INFO  - jmeter.JMeter: os.name=Linux 
2022/04/09 04:02:13 INFO  - jmeter.JMeter: os.arch=amd64 
2022/04/09 04:02:13 INFO  - jmeter.JMeter: os.version=4.4.0-1128-aws 
2022/04/09 04:02:13 INFO  - jmeter.JMeter: file.encoding=UTF-8 
2022/04/09 04:02:13 INFO  - jmeter.JMeter: Default Locale=English (United States) 
2022/04/09 04:02:13 INFO  - jmeter.JMeter: JMeter  Locale=English (United States) 
2022/04/09 04:02:13 INFO  - jmeter.JMeter: JMeterHome=/usr/share/jmeter 
2022/04/09 04:02:13 INFO  - jmeter.JMeter: user.dir  =/home/ubuntu 
2022/04/09 04:02:13 INFO  - jmeter.JMeter: PWD       =/home/ubuntu 
2022/04/09 04:02:13 ERROR - jmeter.util.JMeterUtils: Unable to get local host IP address. 
2022/04/09 04:02:13 ERROR - jmeter.util.JMeterUtils: Unable to get local host IP address. 
2022/04/09 04:02:13 ERROR - jmeter.util.JMeterUtils: Unable to get local host IP address. 
2022/04/09 04:02:13 INFO  - jmeter.JMeter: IP: null Name: null FullName: null 
2022/04/09 04:02:13 INFO  - jmeter.services.FileServer: Default base='/home/ubuntu' 
2022/04/09 04:02:13 INFO  - jmeter.services.FileServer: Set new base='/home/ubuntu' 
2022/04/09 04:02:13 INFO  - jmeter.JMeter: Loading file: HTTPRequest.jmx 
2022/04/09 04:02:14 INFO  - jmeter.save.SaveService: Testplan (JMX) version: 2.2. Testlog (JTL) version: 2.2 
2022/04/09 04:02:14 INFO  - jmeter.save.SaveService: Using SaveService properties version 2.6 
2022/04/09 04:02:14 INFO  - jmeter.save.SaveService: Using SaveService properties file version 1554411 
2022/04/09 04:02:14 INFO  - jmeter.save.SaveService: Using SaveService properties file encoding UTF-8 
2022/04/09 04:02:14 INFO  - jmeter.save.SaveService: All converter versions present and correct 
2022/04/09 04:02:14 INFO  - jmeter.protocol.http.sampler.HTTPSamplerBase: Cannot find .className property for htmlParser, using default 
2022/04/09 04:02:14 INFO  - jmeter.protocol.http.sampler.HTTPSamplerBase: Parser for text/html is  
2022/04/09 04:02:14 INFO  - jmeter.protocol.http.sampler.HTTPSamplerBase: Parser for application/xhtml+xml is  
2022/04/09 04:02:14 INFO  - jmeter.protocol.http.sampler.HTTPSamplerBase: Parser for application/xml is  
2022/04/09 04:02:14 INFO  - jmeter.protocol.http.sampler.HTTPSamplerBase: Parser for text/xml is  
2022/04/09 04:02:14 INFO  - jmeter.protocol.http.sampler.HTTPSamplerBase: Parser for text/vnd.wap.wml is org.apache.jmeter.protocol.http.parser.RegexpHTMLParser 
2022/04/09 04:02:14 INFO  - jmeter.JMeter: Creating summariser <summary> 
2022/04/09 04:02:14 INFO  - jmeter.engine.StandardJMeterEngine: Listeners will be started after enabling running version 
2022/04/09 04:02:14 INFO  - jmeter.engine.StandardJMeterEngine: To revert to the earlier behaviour, define jmeterengine.startlistenerslater=false 
2022/04/09 04:02:14 INFO  - jmeter.engine.StandardJMeterEngine: Running the test! 
2022/04/09 04:02:14 ERROR - jmeter.samplers.SampleEvent: Cannot obtain local host name java.net.UnknownHostException: ip-172-30-2-195: ip-172-30-2-195: Name or service not known 
2022/04/09 04:02:14 INFO  - jmeter.samplers.SampleEvent: List of sample_variables: [] 
2022/04/09 04:02:14 INFO  - jmeter.samplers.SampleEvent: List of sample_variables: [] 
2022/04/09 04:02:14 INFO  - jmeter.engine.util.CompoundVariable: Note: Function class names must contain the string: '.functions.' 
2022/04/09 04:02:14 INFO  - jmeter.engine.util.CompoundVariable: Note: Function class names must not contain the string: '.gui.' 
2022/04/09 04:02:14 INFO  - jmeter.JMeter: Running test (1649476934206) 
2022/04/09 04:02:14 INFO  - jmeter.engine.StandardJMeterEngine: Starting ThreadGroup: 1 : Thread Group 
2022/04/09 04:02:14 INFO  - jmeter.engine.StandardJMeterEngine: Starting 1000 threads for group Thread Group. 
2022/04/09 04:02:14 INFO  - jmeter.engine.StandardJMeterEngine: Thread will continue on error 
2022/04/09 04:02:14 INFO  - jmeter.threads.ThreadGroup: Starting thread group number 1 threads 1000 ramp-up 1 perThread 1.0 delayedStart=false 
2022/04/09 04:02:14 INFO  - jmeter.threads.JMeterThread: jmeterthread.startearlier=true (see jmeter.properties) 
2022/04/09 04:02:14 INFO  - jmeter.threads.JMeterThread: Running PostProcessors in forward order 
2022/04/09 04:02:14 INFO  - jmeter.threads.JMeterThread: Thread started: Thread Group 1-1 
2022/04/09 04:02:14 INFO  - jmeter.threads.JMeterThread: Thread started: Thread Group 1-2 
2022/04/09 04:02:14 INFO  - jmeter.threads.JMeterThread: Thread started: Thread Group 1-5 
2022/04/09 04:02:14 INFO  - jmeter.threads.JMeterThread: Thread started: Thread Group 1-4 
2022/04/09 04:02:14 INFO  - jmeter.threads.JMeterThread: Thread started: Thread Group 1-6 
2022/04/09 04:02:14 INFO  - jmeter.threads.JMeterThread: Thread started: Thread Group 1-3 
2022/04/09 04:02:14 INFO  - jmeter.threads.JMeterThread: Thread started: Thread Group 1-7 
2022/04/09 04:02:14 INFO  - jmeter.threads.JMeterThread: Thread started: Thread Group 1-8 
2022/04/09 04:02:14 INFO  - jmeter.threads.JMeterThread: Thread started: Thread Group 1-9 
2022/04/09 04:02:14 INFO  - jmeter.threads.JMeterThread: Thread started: Thread Group 1-12 
2022/04/09 04:02:14 INFO  - jmeter.threads.JMeterThread: Thread started: Thread Group 1-10 
2022/04/09 04:02:14 INFO  - jmeter.threads.JMeterThread: Thread started: Thread Group 1-11 
2022/04/09 04:02:14 INFO  - jmeter.threads.JMeterThread: Thread started: Thread Group 1-13 
2022/04/09 04:02:14 INFO  - jmeter.threads.JMeterThread: Thread started: Thread Group 1-14 
2022/04/09 04:02:14 INFO  - jmeter.threads.JMeterThread: Thread started: Thread Group 1-15 
2022/04/09 04:02:14 INFO  - jmeter.threads.JMeterThread: Thread started: Thread Group 1-17 
2022/04/09 04:02:14 INFO  - jmeter.threads.JMeterThread: Thread started: Thread Group 1-18 
2022/04/09 04:02:14 INFO  - jmeter.threads.JMeterThread: Thread started: Thread Group 1-19 
2022/04/09 04:02:14 INFO  - jmeter.threads.JMeterThread: Thread started: Thread Group 1-20 
2022/04/09 04:02:14 WARN  - jmeter.protocol.http.sampler.HTTPHCAbstractImpl: Cannot determine localhost name, and httpclient.localaddress was not specified 
2022/04/09 04:02:14 INFO  - jmeter.protocol.http.sampler.HTTPHCAbstractImpl: Local host =  
2022/04/09 04:02:14 INFO  - jmeter.protocol.http.sampler.HTTPHC4Impl: HTTP request retry count = 0 
2022/04/09 04:02:14 INFO  - jmeter.threads.JMeterThread: Thread started: Thread Group 1-16 
2022/04/09 04:02:14 INFO  - jmeter.threads.JMeterThread: Thread started: Thread Group 1-21 
2022/04/09 04:02:14 INFO  - jmeter.protocol.http.sampler.HTTPHC4Impl: Setting up HTTPS TrustAll scheme 
2022/04/09 04:02:14 INFO  - jmeter.threads.JMeterThread: Thread started: Thread Group 1-24 
2022/04/09 04:02:14 INFO  - jmeter.threads.JMeterThread: Thread started: Thread Group 1-25 
2022/04/09 04:02:14 INFO  - jmeter.threads.JMeterThread: Thread started: Thread Group 1-22 
2022/04/09 04:02:14 INFO  - jmeter.threads.JMeterThread: Thread started: Thread Group 1-26 
2022/04/09 04:02:14 INFO  - jmeter.threads.JMeterThread: Thread started: Thread Group 1-27 
2022/04/09 04:02:14 INFO  - jmeter.threads.JMeterThread: Thread started: Thread Group 1-23 
2022/04/09 04:02:14 INFO  - jmeter.util.JsseSSLManager: Using default SSL protocol: TLS 
2022/04/09 04:02:14 INFO  - jmeter.util.JsseSSLManager: SSL session context: per-thread 
2022/04/09 04:02:14 INFO  - jmeter.threads.JMeterThread: Thread started: Thread Group 1-28 
2022/04/09 04:02:14 INFO  - jmeter.threads.JMeterThread: Thread started: Thread Group 1-29 
2022/04/09 04:02:14 INFO  - jmeter.threads.JMeterThread: Thread started: Thread Group 1-30 
2022/04/09 04:02:14 INFO  - jmeter.threads.JMeterThread: Thread started: Thread Group 1-31 
2022/04/09 04:02:14 INFO  - jmeter.threads.JMeterThread: Thread started: Thread Group 1-32 
2022/04/09 04:02:14 INFO  - jmeter.threads.JMeterThread: Thread started: Thread Group 1-33 
2022/04/09 04:02:14 INFO  - jmeter.threads.JMeterThread: Thread started: Thread Group 1-34 
2022/04/09 04:02:14 INFO  - jmeter.threads.JMeterThread: Thread started: Thread Group 1-73 
2022/04/09 04:02:14 INFO  - jmeter.threads.JMeterThread: Thread started: Thread Group 1-69 
2022/04/09 04:02:14 INFO  - jmeter.threads.JMeterThread: Thread started: Thread Group 1-66 
2022/04/09 04:02:14 INFO  - jmeter.threads.JMeterThread: Thread started: Thread Group 1-72 
2022/04/09 04:02:14 INFO  - jmeter.threads.JMeterThread: Thread started: Thread Group 1-64 
2022/04/09 04:02:14 INFO  - jmeter.threads.JMeterThread: Thread started: Thread Group 1-60 
2022/04/09 04:02:14 INFO  - jmeter.threads.JMeterThread: Thread started: Thread Group 1-70 
2022/04/09 04:02:14 INFO  - jmeter.threads.JMeterThread: Thread started: Thread Group 1-61 
2022/04/09 04:02:14 INFO  - jmeter.threads.JMeterThread: Thread started: Thread Group 1-56 
2022/04/09 04:02:14 INFO  - jmeter.threads.JMeterThread: Thread started: Thread Group 1-63 
2022/04/09 04:02:14 INFO  - jmeter.threads.JMeterThread: Thread started: Thread Group 1-65 
2022/04/09 04:02:14 INFO  - jmeter.threads.JMeterThread: Thread started: Thread Group 1-67 
2022/04/09 04:02:14 INFO  - jmeter.threads.JMeterThread: Thread started: Thread Group 1-68 
2022/04/09 04:02:14 INFO  - jmeter.threads.JMeterThread: Thread started: Thread Group 1-38 
2022/04/09 04:02:14 INFO  - jmeter.threads.JMeterThread: Thread started: Thread Group 1-37 
2022/04/09 04:02:14 INFO  - jmeter.threads.JMeterThread: Thread started: Thread Group 1-39 
2022/04/09 04:02:14 INFO  - jmeter.threads.JMeterThread: Thread started: Thread Group 1-40 
2022/04/09 04:02:14 INFO  - jmeter.threads.JMeterThread: Thread started: Thread Group 1-41 
2022/04/09 04:02:14 INFO  - jmeter.threads.JMeterThread: Thread started: Thread Group 1-42 
2022/04/09 04:02:14 INFO  - jmeter.threads.JMeterThread: Thread started: Thread Group 1-43 
2022/04/09 04:02:14 INFO  - jmeter.threads.JMeterThread: Thread started: Thread Group 1-44 
2022/04/09 04:02:14 INFO  - jmeter.threads.JMeterThread: Thread started: Thread Group 1-45 
2022/04/09 04:02:14 INFO  - jmeter.threads.JMeterThread: Thread started: Thread Group 1-46 
2022/04/09 04:02:14 INFO  - jmeter.threads.JMeterThread: Thread started: Thread Group 1-47 
2022/04/09 04:02:14 INFO  - jmeter.threads.JMeterThread: Thread started: Thread Group 1-48 
2022/04/09 04:02:14 INFO  - jmeter.threads.JMeterThread: Thread started: Thread Group 1-49 
2022/04/09 04:02:14 INFO  - jmeter.threads.JMeterThread: Thread started: Thread Group 1-50 
2022/04/09 04:02:14 INFO  - jmeter.threads.JMeterThread: Thread started: Thread Group 1-51 
2022/04/09 04:02:14 INFO  - jmeter.threads.JMeterThread: Thread started: Thread Group 1-52 
2022/04/09 04:02:14 INFO  - jmeter.threads.JMeterThread: Thread started: Thread Group 1-53 
2022/04/09 04:02:14 INFO  - jmeter.threads.JMeterThread: Thread started: Thread Group 1-54 
2022/04/09 04:02:14 INFO  - jmeter.threads.JMeterThread: Thread started: Thread Group 1-55 
2022/04/09 04:02:14 INFO  - jmeter.threads.JMeterThread: Thread started: Thread Group 1-57 
2022/04/09 04:02:14 INFO  - jmeter.threads.JMeterThread: Thread started: Thread Group 1-62 
2022/04/09 04:02:14 INFO  - jmeter.threads.JMeterThread: Thread started: Thread Group 1-58 
2022/04/09 04:02:14 INFO  - jmeter.threads.JMeterThread: Thread started: Thread Group 1-59 
2022/04/09 04:02:14 INFO  - jmeter.threads.JMeterThread: Thread started: Thread Group 1-36 
2022/04/09 04:02:14 INFO  - jmeter.threads.JMeterThread: Thread started: Thread Group 1-35 
2022/04/09 04:02:14 INFO  - jmeter.threads.JMeterThread: Thread started: Thread Group 1-71 
2022/04/09 04:02:14 INFO  - jmeter.threads.JMeterThread: Thread started: Thread Group 1-74 
2022/04/09 04:02:14 INFO  - jmeter.threads.JMeterThread: Thread started: Thread Group 1-75 
2022/04/09 04:02:14 INFO  - jmeter.threads.JMeterThread: Thread started: Thread Group 1-76 
2022/04/09 04:02:14 INFO  - jmeter.threads.JMeterThread: Thread started: Thread Group 1-77 
2022/04/09 04:02:14 INFO  - jmeter.threads.JMeterThread: Thread started: Thread Group 1-78 
2022/04/09 04:02:14 INFO  - jmeter.threads.JMeterThread: Thread started: Thread Group 1-79 
2022/04/09 04:02:14 INFO  - jmeter.threads.JMeterThread: Thread started: Thread Group 1-80 
2022/04/09 04:02:14 INFO  - jmeter.threads.JMeterThread: Thread started: Thread Group 1-81 
2022/04/09 04:02:14 INFO  - jmeter.threads.JMeterThread: Thread started: Thread Group 1-82 
2022/04/09 04:02:14 INFO  - jmeter.threads.JMeterThread: Thread started: Thread Group 1-83 
2022/04/09 04:02:14 INFO  - jmeter.threads.JMeterThread: Thread started: Thread Group 1-84 
2022/04/09 04:02:14 INFO  - jmeter.threads.JMeterThread: Thread started: Thread Group 1-85 
2022/04/09 04:02:14 INFO  - jmeter.threads.JMeterThread: Thread started: Thread Group 1-86 
2022/04/09 04:02:14 INFO  - jmeter.threads.JMeterThread: Thread started: Thread Group 1-87 
2022/04/09 04:02:14 INFO  - jmeter.threads.JMeterThread: Thread started: Thread Group 1-88 
2022/04/09 04:02:14 INFO  - jmeter.threads.JMeterThread: Thread started: Thread Group 1-89 
2022/04/09 04:02:14 INFO  - jmeter.threads.JMeterThread: Thread started: Thread Group 1-90 
2022/04/09 04:02:14 INFO  - jmeter.threads.JMeterThread: Thread started: Thread Group 1-91 
2022/04/09 04:02:14 INFO  - jmeter.threads.JMeterThread: Thread started: Thread Group 1-92 
2022/04/09 04:02:14 INFO  - jmeter.threads.JMeterThread: Thread started: Thread Group 1-93 
2022/04/09 04:02:14 INFO  - jmeter.threads.JMeterThread: Thread started: Thread Group 1-94 
2022/04/09 04:02:14 INFO  - jmeter.threads.JMeterThread: Thread started: Thread Group 1-95 
2022/04/09 04:02:14 INFO  - jmeter.threads.JMeterThread: Thread started: Thread Group 1-96 
2022/04/09 04:02:14 INFO  - jmeter.threads.JMeterThread: Thread started: Thread Group 1-97 
2022/04/09 04:02:14 INFO  - jmeter.samplers.SampleResult: Note: Sample TimeStamps are START times 
2022/04/09 04:02:14 INFO  - jmeter.samplers.SampleResult: sampleresult.default.encoding is set to ISO-8859-1 
2022/04/09 04:02:14 INFO  - jmeter.samplers.SampleResult: sampleresult.useNanoTime=true 
2022/04/09 04:02:14 INFO  - jmeter.samplers.SampleResult: sampleresult.nanoThreadSleep=5000 
2022/04/09 04:02:14 INFO  - jmeter.threads.JMeterThread: Thread started: Thread Group 1-100 
2022/04/09 04:02:14 INFO  - jmeter.threads.JMeterThread: Thread started: Thread Group 1-98 
2022/04/09 04:02:14 INFO  - jmeter.threads.JMeterThread: Thread started: Thread Group 1-99 
2022/04/09 04:02:14 INFO  - jmeter.threads.JMeterThread: Thread started: Thread Group 1-104 
2022/04/09 04:02:14 INFO  - jmeter.threads.JMeterThread: Thread started: Thread Group 1-103 
2022/04/09 04:02:14 INFO  - jmeter.threads.JMeterThread: Thread started: Thread Group 1-101 
2022/04/09 04:02:14 INFO  - jmeter.threads.JMeterThread: Thread started: Thread Group 1-102 
2022/04/09 04:02:14 INFO  - jmeter.threads.JMeterThread: Thread started: Thread Group 1-106 
2022/04/09 04:02:14 INFO  - jmeter.threads.JMeterThread: Thread started: Thread Group 1-107 
2022/04/09 04:02:14 INFO  - jmeter.threads.JMeterThread: Thread started: Thread Group 1-108 
2022/04/09 04:02:14 INFO  - jmeter.threads.JMeterThread: Thread started: Thread Group 1-109 
2022/04/09 04:02:14 INFO  - jmeter.threads.JMeterThread: Thread started: Thread Group 1-105 
2022/04/09 04:02:14 INFO  - jmeter.threads.JMeterThread: Thread started: Thread Group 1-110 
2022/04/09 04:02:14 INFO  - jmeter.threads.JMeterThread: Thread started: Thread Group 1-111 
2022/04/09 04:02:14 INFO  - jmeter.threads.JMeterThread: Thread started: Thread Group 1-112 
2022/04/09 04:02:14 INFO  - jmeter.threads.JMeterThread: Thread started: Thread Group 1-113 
2022/04/09 04:02:14 INFO  - jmeter.threads.JMeterThread: Thread started: Thread Group 1-114 
2022/04/09 04:02:14 INFO  - jmeter.threads.JMeterThread: Thread started: Thread Group 1-122 
2022/04/09 04:02:14 INFO  - jmeter.threads.JMeterThread: Thread started: Thread Group 1-121 
2022/04/09 04:02:14 INFO  - jmeter.threads.JMeterThread: Thread started: Thread Group 1-120 
2022/04/09 04:02:14 INFO  - jmeter.threads.JMeterThread: Thread started: Thread Group 1-119 
2022/04/09 04:02:14 INFO  - jmeter.threads.JMeterThread: Thread started: Thread Group 1-123 
2022/04/09 04:02:14 INFO  - jmeter.threads.JMeterThread: Thread started: Thread Group 1-118 
2022/04/09 04:02:14 INFO  - jmeter.threads.JMeterThread: Thread started: Thread Group 1-117 
2022/04/09 04:02:14 INFO  - jmeter.threads.JMeterThread: Thread started: Thread Group 1-116 
2022/04/09 04:02:14 INFO  - jmeter.threads.JMeterThread: Thread started: Thread Group 1-115 
2022/04/09 04:02:14 INFO  - jmeter.threads.JMeterThread: Thread started: Thread Group 1-124 
2022/04/09 04:02:14 INFO  - jmeter.threads.JMeterThread: Thread started: Thread Group 1-125 
2022/04/09 04:02:14 INFO  - jmeter.threads.JMeterThread: Thread started: Thread Group 1-126 
2022/04/09 04:02:14 INFO  - jmeter.threads.JMeterThread: Thread started: Thread Group 1-127 
2022/04/09 04:02:14 INFO  - jmeter.threads.JMeterThread: Thread started: Thread Group 1-128 
2022/04/09 04:02:14 INFO  - jmeter.threads.JMeterThread: Thread started: Thread Group 1-129 
2022/04/09 04:02:14 INFO  - jmeter.threads.JMeterThread: Thread started: Thread Group 1-130 
2022/04/09 04:02:14 INFO  - jmeter.threads.JMeterThread: Thread started: Thread Group 1-138 
2022/04/09 04:02:14 INFO  - jmeter.threads.JMeterThread: Thread started: Thread Group 1-137 
2022/04/09 04:02:14 INFO  - jmeter.threads.JMeterThread: Thread started: Thread Group 1-135 
2022/04/09 04:02:14 INFO  - jmeter.threads.JMeterThread: Thread started: Thread Group 1-139 
2022/04/09 04:02:14 INFO  - jmeter.threads.JMeterThread: Thread started: Thread Group 1-131 
2022/04/09 04:02:14 INFO  - jmeter.threads.JMeterThread: Thread started: Thread Group 1-140 
2022/04/09 04:02:14 INFO  - jmeter.threads.JMeterThread: Thread started: Thread Group 1-132 
2022/04/09 04:02:14 INFO  - jmeter.threads.JMeterThread: Thread started: Thread Group 1-133 
2022/04/09 04:02:14 INFO  - jmeter.threads.JMeterThread: Thread started: Thread Group 1-134 
2022/04/09 04:02:14 INFO  - jmeter.threads.JMeterThread: Thread started: Thread Group 1-136 
2022/04/09 04:02:14 INFO  - jmeter.threads.JMeterThread: Thread started: Thread Group 1-141 
2022/04/09 04:02:14 INFO  - jmeter.threads.JMeterThread: Thread started: Thread Group 1-142 
2022/04/09 04:02:14 INFO  - jmeter.threads.JMeterThread: Thread started: Thread Group 1-143 
2022/04/09 04:02:14 INFO  - jmeter.threads.JMeterThread: Thread started: Thread Group 1-144 
2022/04/09 04:02:14 INFO  - jmeter.threads.JMeterThread: Thread started: Thread Group 1-146 
2022/04/09 04:02:14 INFO  - jmeter.threads.JMeterThread: Thread started: Thread Group 1-147 
2022/04/09 04:02:14 INFO  - jmeter.threads.JMeterThread: Thread started: Thread Group 1-148 
2022/04/09 04:02:14 INFO  - jmeter.threads.JMeterThread: Thread started: Thread Group 1-145 
2022/04/09 04:02:14 INFO  - jmeter.threads.JMeterThread: Thread started: Thread Group 1-149 
2022/04/09 04:02:14 INFO  - jmeter.threads.JMeterThread: Thread started: Thread Group 1-150 
2022/04/09 04:02:14 INFO  - jmeter.threads.JMeterThread: Thread started: Thread Group 1-151 
2022/04/09 04:02:14 INFO  - jmeter.threads.JMeterThread: Thread started: Thread Group 1-152 
2022/04/09 04:02:14 INFO  - jmeter.threads.JMeterThread: Thread started: Thread Group 1-153 
2022/04/09 04:02:14 INFO  - jmeter.threads.JMeterThread: Thread started: Thread Group 1-154 
2022/04/09 04:02:14 INFO  - jmeter.threads.JMeterThread: Thread started: Thread Group 1-155 
2022/04/09 04:02:14 INFO  - jmeter.threads.JMeterThread: Thread started: Thread Group 1-165 
2022/04/09 04:02:14 INFO  - jmeter.threads.JMeterThread: Thread started: Thread Group 1-164 
2022/04/09 04:02:14 INFO  - jmeter.threads.JMeterThread: Thread started: Thread Group 1-161 
2022/04/09 04:02:14 INFO  - jmeter.threads.JMeterThread: Thread started: Thread Group 1-160 
2022/04/09 04:02:14 INFO  - jmeter.threads.JMeterThread: Thread started: Thread Group 1-162 
2022/04/09 04:02:14 INFO  - jmeter.threads.JMeterThread: Thread started: Thread Group 1-163 
2022/04/09 04:02:14 INFO  - jmeter.threads.JMeterThread: Thread started: Thread Group 1-166 
2022/04/09 04:02:14 INFO  - jmeter.threads.JMeterThread: Thread started: Thread Group 1-159 
2022/04/09 04:02:14 INFO  - jmeter.threads.JMeterThread: Thread started: Thread Group 1-158 
2022/04/09 04:02:14 INFO  - jmeter.threads.JMeterThread: Thread started: Thread Group 1-168 
2022/04/09 04:02:14 INFO  - jmeter.threads.JMeterThread: Thread started: Thread Group 1-170 
2022/04/09 04:02:14 INFO  - jmeter.threads.JMeterThread: Thread started: Thread Group 1-156 
2022/04/09 04:02:14 INFO  - jmeter.threads.JMeterThread: Thread started: Thread Group 1-167 
2022/04/09 04:02:14 INFO  - jmeter.threads.JMeterThread: Thread started: Thread Group 1-157 
2022/04/09 04:02:14 INFO  - jmeter.threads.JMeterThread: Thread started: Thread Group 1-171 
2022/04/09 04:02:14 INFO  - jmeter.threads.JMeterThread: Thread started: Thread Group 1-169 
2022/04/09 04:02:14 INFO  - jmeter.threads.JMeterThread: Thread started: Thread Group 1-172 
2022/04/09 04:02:14 INFO  - jmeter.threads.JMeterThread: Thread started: Thread Group 1-173 
2022/04/09 04:02:14 INFO  - jmeter.threads.JMeterThread: Thread started: Thread Group 1-174 
2022/04/09 04:02:14 INFO  - jmeter.threads.JMeterThread: Thread started: Thread Group 1-184 
2022/04/09 04:02:14 INFO  - jmeter.threads.JMeterThread: Thread started: Thread Group 1-183 
2022/04/09 04:02:14 INFO  - jmeter.threads.JMeterThread: Thread started: Thread Group 1-182 
2022/04/09 04:02:14 INFO  - jmeter.threads.JMeterThread: Thread started: Thread Group 1-180 
2022/04/09 04:02:14 INFO  - jmeter.threads.JMeterThread: Thread started: Thread Group 1-181 
2022/04/09 04:02:14 INFO  - jmeter.threads.JMeterThread: Thread started: Thread Group 1-179 
2022/04/09 04:02:14 INFO  - jmeter.threads.JMeterThread: Thread started: Thread Group 1-177 
2022/04/09 04:02:14 INFO  - jmeter.threads.JMeterThread: Thread started: Thread Group 1-178 
2022/04/09 04:02:14 INFO  - jmeter.threads.JMeterThread: Thread started: Thread Group 1-185 
2022/04/09 04:02:14 INFO  - jmeter.threads.JMeterThread: Thread started: Thread Group 1-176 
2022/04/09 04:02:14 INFO  - jmeter.threads.JMeterThread: Thread started: Thread Group 1-175 
2022/04/09 04:02:14 INFO  - jmeter.threads.JMeterThread: Thread started: Thread Group 1-186 
2022/04/09 04:02:14 INFO  - jmeter.threads.JMeterThread: Thread started: Thread Group 1-188 
2022/04/09 04:02:14 INFO  - jmeter.threads.JMeterThread: Thread started: Thread Group 1-187 
2022/04/09 04:02:14 INFO  - jmeter.threads.JMeterThread: Thread started: Thread Group 1-189 
2022/04/09 04:02:14 INFO  - jmeter.threads.JMeterThread: Thread started: Thread Group 1-190 
2022/04/09 04:02:14 INFO  - jmeter.threads.JMeterThread: Thread started: Thread Group 1-191 
2022/04/09 04:02:14 INFO  - jmeter.threads.JMeterThread: Thread started: Thread Group 1-192 
2022/04/09 04:02:14 INFO  - jmeter.threads.JMeterThread: Thread started: Thread Group 1-193 
2022/04/09 04:02:14 INFO  - jmeter.threads.JMeterThread: Thread started: Thread Group 1-196 
2022/04/09 04:02:14 INFO  - jmeter.threads.JMeterThread: Thread started: Thread Group 1-195 
2022/04/09 04:02:14 INFO  - jmeter.threads.JMeterThread: Thread started: Thread Group 1-194 
2022/04/09 04:02:14 INFO  - jmeter.threads.JMeterThread: Thread started: Thread Group 1-207 
2022/04/09 04:02:14 INFO  - jmeter.threads.JMeterThread: Thread started: Thread Group 1-197 
2022/04/09 04:02:14 INFO  - jmeter.threads.JMeterThread: Thread started: Thread Group 1-198 
2022/04/09 04:02:14 INFO  - jmeter.threads.JMeterThread: Thread started: Thread Group 1-199 
2022/04/09 04:02:14 INFO  - jmeter.threads.JMeterThread: Thread started: Thread Group 1-200 
2022/04/09 04:02:14 INFO  - jmeter.threads.JMeterThread: Thread started: Thread Group 1-201 
2022/04/09 04:02:14 INFO  - jmeter.threads.JMeterThread: Thread started: Thread Group 1-209 
2022/04/09 04:02:14 INFO  - jmeter.threads.JMeterThread: Thread started: Thread Group 1-202 
2022/04/09 04:02:14 INFO  - jmeter.threads.JMeterThread: Thread started: Thread Group 1-203 
2022/04/09 04:02:14 INFO  - jmeter.threads.JMeterThread: Thread started: Thread Group 1-205 
2022/04/09 04:02:14 INFO  - jmeter.threads.JMeterThread: Thread started: Thread Group 1-210 
2022/04/09 04:02:14 INFO  - jmeter.threads.JMeterThread: Thread started: Thread Group 1-206 
2022/04/09 04:02:14 INFO  - jmeter.threads.JMeterThread: Thread started: Thread Group 1-208 
2022/04/09 04:02:14 INFO  - jmeter.threads.JMeterThread: Thread started: Thread Group 1-211 
2022/04/09 04:02:14 INFO  - jmeter.threads.JMeterThread: Thread started: Thread Group 1-204 
2022/04/09 04:02:14 INFO  - jmeter.threads.JMeterThread: Thread started: Thread Group 1-212 
2022/04/09 04:02:14 INFO  - jmeter.threads.JMeterThread: Thread started: Thread Group 1-213 
2022/04/09 04:02:14 INFO  - jmeter.threads.JMeterThread: Thread started: Thread Group 1-214 
2022/04/09 04:02:14 INFO  - jmeter.threads.JMeterThread: Thread started: Thread Group 1-220 
2022/04/09 04:02:14 INFO  - jmeter.threads.JMeterThread: Thread started: Thread Group 1-218 
2022/04/09 04:02:14 INFO  - jmeter.threads.JMeterThread: Thread started: Thread Group 1-215 
2022/04/09 04:02:14 INFO  - jmeter.threads.JMeterThread: Thread started: Thread Group 1-216 
2022/04/09 04:02:14 INFO  - jmeter.threads.JMeterThread: Thread started: Thread Group 1-217 
2022/04/09 04:02:14 INFO  - jmeter.threads.JMeterThread: Thread started: Thread Group 1-221 
2022/04/09 04:02:14 INFO  - jmeter.threads.JMeterThread: Thread started: Thread Group 1-219 
2022/04/09 04:02:14 INFO  - jmeter.threads.JMeterThread: Thread started: Thread Group 1-222 
2022/04/09 04:02:14 INFO  - jmeter.threads.JMeterThread: Thread started: Thread Group 1-223 
2022/04/09 04:02:14 INFO  - jmeter.threads.JMeterThread: Thread started: Thread Group 1-224 
2022/04/09 04:02:14 INFO  - jmeter.threads.JMeterThread: Thread started: Thread Group 1-225 
2022/04/09 04:02:14 INFO  - jmeter.threads.JMeterThread: Thread started: Thread Group 1-226 
2022/04/09 04:02:14 INFO  - jmeter.threads.JMeterThread: Thread started: Thread Group 1-227 
2022/04/09 04:02:14 INFO  - jmeter.threads.JMeterThread: Thread started: Thread Group 1-228 
2022/04/09 04:02:14 INFO  - jmeter.threads.JMeterThread: Thread started: Thread Group 1-229 
2022/04/09 04:02:14 INFO  - jmeter.threads.JMeterThread: Thread started: Thread Group 1-230 
2022/04/09 04:02:14 INFO  - jmeter.threads.JMeterThread: Thread started: Thread Group 1-231 
2022/04/09 04:02:14 INFO  - jmeter.threads.JMeterThread: Thread started: Thread Group 1-232 
2022/04/09 04:02:14 INFO  - jmeter.threads.JMeterThread: Thread started: Thread Group 1-233 
2022/04/09 04:02:14 INFO  - jmeter.threads.JMeterThread: Thread started: Thread Group 1-234 
2022/04/09 04:02:14 INFO  - jmeter.threads.JMeterThread: Thread started: Thread Group 1-235 
2022/04/09 04:02:14 INFO  - jmeter.threads.JMeterThread: Thread started: Thread Group 1-237 
2022/04/09 04:02:14 INFO  - jmeter.threads.JMeterThread: Thread started: Thread Group 1-236 
2022/04/09 04:02:14 INFO  - jmeter.threads.JMeterThread: Thread started: Thread Group 1-238 
2022/04/09 04:02:14 INFO  - jmeter.threads.JMeterThread: Thread started: Thread Group 1-239 
2022/04/09 04:02:14 INFO  - jmeter.threads.JMeterThread: Thread started: Thread Group 1-241 
2022/04/09 04:02:14 INFO  - jmeter.threads.JMeterThread: Thread started: Thread Group 1-243 
2022/04/09 04:02:14 INFO  - jmeter.threads.JMeterThread: Thread started: Thread Group 1-240 
2022/04/09 04:02:14 INFO  - jmeter.threads.JMeterThread: Thread started: Thread Group 1-242 
2022/04/09 04:02:14 INFO  - jmeter.threads.JMeterThread: Thread started: Thread Group 1-245 
2022/04/09 04:02:14 INFO  - jmeter.threads.JMeterThread: Thread started: Thread Group 1-244 
2022/04/09 04:02:14 INFO  - jmeter.threads.JMeterThread: Thread started: Thread Group 1-246 
2022/04/09 04:02:14 INFO  - jmeter.threads.JMeterThread: Thread started: Thread Group 1-247 
2022/04/09 04:02:14 INFO  - jmeter.threads.JMeterThread: Thread started: Thread Group 1-248 
2022/04/09 04:02:14 INFO  - jmeter.threads.JMeterThread: Thread started: Thread Group 1-249 
2022/04/09 04:02:14 INFO  - jmeter.threads.JMeterThread: Thread started: Thread Group 1-250 
2022/04/09 04:02:14 INFO  - jmeter.threads.JMeterThread: Thread started: Thread Group 1-251 
2022/04/09 04:02:14 INFO  - jmeter.threads.JMeterThread: Thread started: Thread Group 1-252 
2022/04/09 04:02:14 INFO  - jmeter.threads.JMeterThread: Thread started: Thread Group 1-253 
2022/04/09 04:02:14 INFO  - jmeter.threads.JMeterThread: Thread started: Thread Group 1-254 
2022/04/09 04:02:14 INFO  - jmeter.threads.JMeterThread: Thread started: Thread Group 1-255 
2022/04/09 04:02:14 INFO  - jmeter.threads.JMeterThread: Thread started: Thread Group 1-261 
2022/04/09 04:02:14 INFO  - jmeter.threads.JMeterThread: Thread started: Thread Group 1-260 
2022/04/09 04:02:14 INFO  - jmeter.threads.JMeterThread: Thread started: Thread Group 1-262 
2022/04/09 04:02:14 INFO  - jmeter.threads.JMeterThread: Thread started: Thread Group 1-259 
2022/04/09 04:02:14 INFO  - jmeter.threads.JMeterThread: Thread started: Thread Group 1-258 
2022/04/09 04:02:14 INFO  - jmeter.threads.JMeterThread: Thread started: Thread Group 1-263 
2022/04/09 04:02:14 INFO  - jmeter.threads.JMeterThread: Thread started: Thread Group 1-264 
2022/04/09 04:02:14 INFO  - jmeter.threads.JMeterThread: Thread started: Thread Group 1-265 
2022/04/09 04:02:14 INFO  - jmeter.threads.JMeterThread: Thread started: Thread Group 1-266 
2022/04/09 04:02:14 INFO  - jmeter.threads.JMeterThread: Thread started: Thread Group 1-267 
2022/04/09 04:02:14 INFO  - jmeter.threads.JMeterThread: Thread started: Thread Group 1-268 
2022/04/09 04:02:14 INFO  - jmeter.threads.JMeterThread: Thread started: Thread Group 1-270 
2022/04/09 04:02:14 INFO  - jmeter.threads.JMeterThread: Thread started: Thread Group 1-269 
2022/04/09 04:02:14 INFO  - jmeter.threads.JMeterThread: Thread started: Thread Group 1-275 
2022/04/09 04:02:14 INFO  - jmeter.threads.JMeterThread: Thread started: Thread Group 1-276 
2022/04/09 04:02:14 INFO  - jmeter.threads.JMeterThread: Thread started: Thread Group 1-274 
2022/04/09 04:02:14 INFO  - jmeter.threads.JMeterThread: Thread started: Thread Group 1-272 
2022/04/09 04:02:14 INFO  - jmeter.threads.JMeterThread: Thread started: Thread Group 1-277 
2022/04/09 04:02:14 INFO  - jmeter.threads.JMeterThread: Thread started: Thread Group 1-273 
2022/04/09 04:02:14 INFO  - jmeter.threads.JMeterThread: Thread started: Thread Group 1-271 
2022/04/09 04:02:14 INFO  - jmeter.threads.JMeterThread: Thread started: Thread Group 1-257 
2022/04/09 04:02:14 INFO  - jmeter.threads.JMeterThread: Thread started: Thread Group 1-256 
2022/04/09 04:02:14 INFO  - jmeter.threads.JMeterThread: Thread started: Thread Group 1-279 
2022/04/09 04:02:14 INFO  - jmeter.threads.JMeterThread: Thread started: Thread Group 1-278 
2022/04/09 04:02:14 INFO  - jmeter.threads.JMeterThread: Thread started: Thread Group 1-280 
2022/04/09 04:02:14 INFO  - jmeter.threads.JMeterThread: Thread started: Thread Group 1-281 
2022/04/09 04:02:14 INFO  - jmeter.threads.JMeterThread: Thread started: Thread Group 1-282 
2022/04/09 04:02:14 INFO  - jmeter.threads.JMeterThread: Thread started: Thread Group 1-283 
2022/04/09 04:02:14 INFO  - jmeter.threads.JMeterThread: Thread started: Thread Group 1-285 
2022/04/09 04:02:14 INFO  - jmeter.threads.JMeterThread: Thread started: Thread Group 1-284 
2022/04/09 04:02:14 INFO  - jmeter.threads.JMeterThread: Thread started: Thread Group 1-286 
2022/04/09 04:02:14 INFO  - jmeter.threads.JMeterThread: Thread started: Thread Group 1-287 
2022/04/09 04:02:14 INFO  - jmeter.threads.JMeterThread: Thread started: Thread Group 1-288 
2022/04/09 04:02:14 INFO  - jmeter.threads.JMeterThread: Thread started: Thread Group 1-289 
2022/04/09 04:02:14 INFO  - jmeter.threads.JMeterThread: Thread started: Thread Group 1-290 
2022/04/09 04:02:14 INFO  - jmeter.threads.JMeterThread: Thread started: Thread Group 1-291 
2022/04/09 04:02:14 INFO  - jmeter.threads.JMeterThread: Thread started: Thread Group 1-292 
2022/04/09 04:02:14 INFO  - jmeter.threads.JMeterThread: Thread started: Thread Group 1-293 
2022/04/09 04:02:14 INFO  - jmeter.threads.JMeterThread: Thread started: Thread Group 1-294 
2022/04/09 04:02:14 INFO  - jmeter.threads.JMeterThread: Thread started: Thread Group 1-295 
2022/04/09 04:02:14 INFO  - jmeter.threads.JMeterThread: Thread started: Thread Group 1-296 
2022/04/09 04:02:14 INFO  - jmeter.threads.JMeterThread: Thread started: Thread Group 1-297 
2022/04/09 04:02:14 INFO  - jmeter.threads.JMeterThread: Thread started: Thread Group 1-298 
2022/04/09 04:02:14 INFO  - jmeter.threads.JMeterThread: Thread started: Thread Group 1-299 
2022/04/09 04:02:14 INFO  - jmeter.threads.JMeterThread: Thread started: Thread Group 1-300 
2022/04/09 04:02:14 INFO  - jmeter.threads.JMeterThread: Thread started: Thread Group 1-301 
2022/04/09 04:02:14 INFO  - jmeter.threads.JMeterThread: Thread started: Thread Group 1-302 
2022/04/09 04:02:14 INFO  - jmeter.threads.JMeterThread: Thread started: Thread Group 1-303 
2022/04/09 04:02:14 INFO  - jmeter.threads.JMeterThread: Thread started: Thread Group 1-304 
2022/04/09 04:02:14 INFO  - jmeter.threads.JMeterThread: Thread started: Thread Group 1-305 
2022/04/09 04:02:14 INFO  - jmeter.threads.JMeterThread: Thread started: Thread Group 1-306 
2022/04/09 04:02:14 INFO  - jmeter.threads.JMeterThread: Thread started: Thread Group 1-307 
2022/04/09 04:02:14 INFO  - jmeter.threads.JMeterThread: Thread started: Thread Group 1-308 
2022/04/09 04:02:14 INFO  - jmeter.threads.JMeterThread: Thread started: Thread Group 1-309 
2022/04/09 04:02:14 INFO  - jmeter.threads.JMeterThread: Thread started: Thread Group 1-310 
2022/04/09 04:02:14 INFO  - jmeter.threads.JMeterThread: Thread started: Thread Group 1-311 
2022/04/09 04:02:14 INFO  - jmeter.threads.JMeterThread: Thread started: Thread Group 1-312 
2022/04/09 04:02:14 INFO  - jmeter.threads.JMeterThread: Thread started: Thread Group 1-313 
2022/04/09 04:02:14 INFO  - jmeter.threads.JMeterThread: Thread started: Thread Group 1-314 
2022/04/09 04:02:14 INFO  - jmeter.threads.JMeterThread: Thread started: Thread Group 1-315 
2022/04/09 04:02:14 INFO  - jmeter.threads.JMeterThread: Thread started: Thread Group 1-316 
2022/04/09 04:02:14 INFO  - jmeter.threads.JMeterThread: Thread started: Thread Group 1-317 
2022/04/09 04:02:14 INFO  - jmeter.threads.JMeterThread: Thread started: Thread Group 1-318 
2022/04/09 04:02:14 INFO  - jmeter.threads.JMeterThread: Thread started: Thread Group 1-319 
2022/04/09 04:02:14 INFO  - jmeter.threads.JMeterThread: Thread started: Thread Group 1-320 
2022/04/09 04:02:14 INFO  - jmeter.threads.JMeterThread: Thread started: Thread Group 1-321 
2022/04/09 04:02:14 INFO  - jmeter.threads.JMeterThread: Thread started: Thread Group 1-322 
2022/04/09 04:02:14 INFO  - jmeter.threads.JMeterThread: Thread started: Thread Group 1-323 
2022/04/09 04:02:14 INFO  - jmeter.threads.JMeterThread: Thread started: Thread Group 1-324 
2022/04/09 04:02:14 INFO  - jmeter.threads.JMeterThread: Thread started: Thread Group 1-325 
2022/04/09 04:02:14 INFO  - jmeter.threads.JMeterThread: Thread started: Thread Group 1-326 
2022/04/09 04:02:14 INFO  - jmeter.threads.JMeterThread: Thread started: Thread Group 1-327 
2022/04/09 04:02:14 INFO  - jmeter.threads.JMeterThread: Thread started: Thread Group 1-328 
2022/04/09 04:02:14 INFO  - jmeter.threads.JMeterThread: Thread started: Thread Group 1-329 
2022/04/09 04:02:14 INFO  - jmeter.threads.JMeterThread: Thread started: Thread Group 1-330 
2022/04/09 04:02:14 INFO  - jmeter.threads.JMeterThread: Thread started: Thread Group 1-331 
2022/04/09 04:02:14 INFO  - jmeter.threads.JMeterThread: Thread started: Thread Group 1-332 
2022/04/09 04:02:14 INFO  - jmeter.threads.JMeterThread: Thread started: Thread Group 1-334 
2022/04/09 04:02:14 INFO  - jmeter.threads.JMeterThread: Thread started: Thread Group 1-335 
2022/04/09 04:02:14 INFO  - jmeter.threads.JMeterThread: Thread started: Thread Group 1-336 
2022/04/09 04:02:14 INFO  - jmeter.threads.JMeterThread: Thread started: Thread Group 1-337 
2022/04/09 04:02:14 INFO  - jmeter.threads.JMeterThread: Thread started: Thread Group 1-333 
2022/04/09 04:02:14 INFO  - jmeter.threads.JMeterThread: Thread started: Thread Group 1-341 
2022/04/09 04:02:14 INFO  - jmeter.threads.JMeterThread: Thread started: Thread Group 1-340 
2022/04/09 04:02:14 INFO  - jmeter.threads.JMeterThread: Thread started: Thread Group 1-339 
2022/04/09 04:02:14 INFO  - jmeter.threads.JMeterThread: Thread started: Thread Group 1-345 
2022/04/09 04:02:14 INFO  - jmeter.threads.JMeterThread: Thread started: Thread Group 1-351 
2022/04/09 04:02:14 INFO  - jmeter.threads.JMeterThread: Thread started: Thread Group 1-338 
2022/04/09 04:02:14 INFO  - jmeter.threads.JMeterThread: Thread started: Thread Group 1-346 
2022/04/09 04:02:14 INFO  - jmeter.threads.JMeterThread: Thread started: Thread Group 1-348 
2022/04/09 04:02:14 INFO  - jmeter.threads.JMeterThread: Thread started: Thread Group 1-350 
2022/04/09 04:02:14 INFO  - jmeter.threads.JMeterThread: Thread started: Thread Group 1-349 
2022/04/09 04:02:14 INFO  - jmeter.threads.JMeterThread: Thread started: Thread Group 1-347 
2022/04/09 04:02:14 INFO  - jmeter.threads.JMeterThread: Thread started: Thread Group 1-344 
2022/04/09 04:02:14 INFO  - jmeter.threads.JMeterThread: Thread started: Thread Group 1-354 
2022/04/09 04:02:14 INFO  - jmeter.threads.JMeterThread: Thread started: Thread Group 1-343 
2022/04/09 04:02:14 INFO  - jmeter.threads.JMeterThread: Thread started: Thread Group 1-342 
2022/04/09 04:02:14 INFO  - jmeter.threads.JMeterThread: Thread started: Thread Group 1-355 
2022/04/09 04:02:14 INFO  - jmeter.threads.JMeterThread: Thread started: Thread Group 1-353 
2022/04/09 04:02:14 INFO  - jmeter.threads.JMeterThread: Thread started: Thread Group 1-352 
2022/04/09 04:02:14 INFO  - jmeter.threads.JMeterThread: Thread started: Thread Group 1-356 
2022/04/09 04:02:14 INFO  - jmeter.threads.JMeterThread: Thread started: Thread Group 1-357 
2022/04/09 04:02:14 INFO  - jmeter.threads.JMeterThread: Thread started: Thread Group 1-358 
2022/04/09 04:02:14 INFO  - jmeter.threads.JMeterThread: Thread started: Thread Group 1-359 
2022/04/09 04:02:14 INFO  - jmeter.threads.JMeterThread: Thread started: Thread Group 1-360 
2022/04/09 04:02:14 INFO  - jmeter.threads.JMeterThread: Thread started: Thread Group 1-361 
2022/04/09 04:02:14 INFO  - jmeter.threads.JMeterThread: Thread started: Thread Group 1-362 
2022/04/09 04:02:14 INFO  - jmeter.threads.JMeterThread: Thread started: Thread Group 1-363 
2022/04/09 04:02:14 INFO  - jmeter.threads.JMeterThread: Thread started: Thread Group 1-364 
2022/04/09 04:02:14 INFO  - jmeter.threads.JMeterThread: Thread started: Thread Group 1-376 
2022/04/09 04:02:14 INFO  - jmeter.threads.JMeterThread: Thread started: Thread Group 1-375 
2022/04/09 04:02:14 INFO  - jmeter.threads.JMeterThread: Thread started: Thread Group 1-377 
2022/04/09 04:02:14 INFO  - jmeter.threads.JMeterThread: Thread started: Thread Group 1-374 
2022/04/09 04:02:14 INFO  - jmeter.threads.JMeterThread: Thread started: Thread Group 1-370 
2022/04/09 04:02:14 INFO  - jmeter.threads.JMeterThread: Thread started: Thread Group 1-378 
2022/04/09 04:02:14 INFO  - jmeter.threads.JMeterThread: Thread started: Thread Group 1-373 
2022/04/09 04:02:14 INFO  - jmeter.threads.JMeterThread: Thread started: Thread Group 1-372 
2022/04/09 04:02:14 INFO  - jmeter.threads.JMeterThread: Thread started: Thread Group 1-371 
2022/04/09 04:02:14 INFO  - jmeter.threads.JMeterThread: Thread started: Thread Group 1-379 
2022/04/09 04:02:14 INFO  - jmeter.threads.JMeterThread: Thread started: Thread Group 1-368 
2022/04/09 04:02:14 INFO  - jmeter.threads.JMeterThread: Thread started: Thread Group 1-369 
2022/04/09 04:02:14 INFO  - jmeter.threads.JMeterThread: Thread started: Thread Group 1-380 
2022/04/09 04:02:14 INFO  - jmeter.threads.JMeterThread: Thread started: Thread Group 1-381 
2022/04/09 04:02:14 INFO  - jmeter.threads.JMeterThread: Thread started: Thread Group 1-367 
2022/04/09 04:02:15 INFO  - jmeter.threads.JMeterThread: Thread started: Thread Group 1-382 
2022/04/09 04:02:15 INFO  - jmeter.threads.JMeterThread: Thread started: Thread Group 1-383 
2022/04/09 04:02:15 INFO  - jmeter.threads.JMeterThread: Thread started: Thread Group 1-384 
2022/04/09 04:02:15 INFO  - jmeter.threads.JMeterThread: Thread started: Thread Group 1-385 
2022/04/09 04:02:15 INFO  - jmeter.threads.JMeterThread: Thread started: Thread Group 1-386 
2022/04/09 04:02:15 INFO  - jmeter.threads.JMeterThread: Thread started: Thread Group 1-366 
2022/04/09 04:02:15 INFO  - jmeter.threads.JMeterThread: Thread started: Thread Group 1-387 
2022/04/09 04:02:15 INFO  - jmeter.threads.JMeterThread: Thread started: Thread Group 1-365 
2022/04/09 04:02:15 INFO  - jmeter.threads.JMeterThread: Thread started: Thread Group 1-389 
2022/04/09 04:02:15 INFO  - jmeter.threads.JMeterThread: Thread started: Thread Group 1-388 
2022/04/09 04:02:15 INFO  - jmeter.threads.JMeterThread: Thread started: Thread Group 1-390 
2022/04/09 04:02:15 INFO  - jmeter.threads.JMeterThread: Thread started: Thread Group 1-391 
2022/04/09 04:02:15 INFO  - jmeter.threads.JMeterThread: Thread started: Thread Group 1-392 
2022/04/09 04:02:15 INFO  - jmeter.threads.JMeterThread: Thread started: Thread Group 1-393 
2022/04/09 04:02:15 INFO  - jmeter.threads.JMeterThread: Thread started: Thread Group 1-394 
2022/04/09 04:02:15 INFO  - jmeter.threads.JMeterThread: Thread started: Thread Group 1-395 
2022/04/09 04:02:15 INFO  - jmeter.threads.JMeterThread: Thread started: Thread Group 1-396 
2022/04/09 04:02:15 INFO  - jmeter.threads.JMeterThread: Thread started: Thread Group 1-397 
2022/04/09 04:02:15 INFO  - jmeter.threads.JMeterThread: Thread started: Thread Group 1-398 
2022/04/09 04:02:15 INFO  - jmeter.threads.JMeterThread: Thread started: Thread Group 1-399 
2022/04/09 04:02:15 INFO  - jmeter.threads.JMeterThread: Thread started: Thread Group 1-400 
2022/04/09 04:02:15 INFO  - jmeter.threads.JMeterThread: Thread started: Thread Group 1-401 
2022/04/09 04:02:15 INFO  - jmeter.threads.JMeterThread: Thread started: Thread Group 1-402 
2022/04/09 04:02:15 INFO  - jmeter.threads.JMeterThread: Thread started: Thread Group 1-403 
2022/04/09 04:02:15 INFO  - jmeter.threads.JMeterThread: Thread started: Thread Group 1-408 
2022/04/09 04:02:15 INFO  - jmeter.threads.JMeterThread: Thread started: Thread Group 1-409 
2022/04/09 04:02:15 INFO  - jmeter.threads.JMeterThread: Thread started: Thread Group 1-404 
2022/04/09 04:02:15 INFO  - jmeter.threads.JMeterThread: Thread started: Thread Group 1-406 
2022/04/09 04:02:15 INFO  - jmeter.threads.JMeterThread: Thread started: Thread Group 1-405 
2022/04/09 04:02:15 INFO  - jmeter.threads.JMeterThread: Thread started: Thread Group 1-410 
2022/04/09 04:02:15 INFO  - jmeter.threads.JMeterThread: Thread started: Thread Group 1-411 
2022/04/09 04:02:15 INFO  - jmeter.threads.JMeterThread: Thread started: Thread Group 1-407 
2022/04/09 04:02:15 INFO  - jmeter.threads.JMeterThread: Thread started: Thread Group 1-413 
2022/04/09 04:02:15 INFO  - jmeter.threads.JMeterThread: Thread started: Thread Group 1-414 
2022/04/09 04:02:15 INFO  - jmeter.threads.JMeterThread: Thread started: Thread Group 1-415 
2022/04/09 04:02:15 INFO  - jmeter.threads.JMeterThread: Thread started: Thread Group 1-412 
2022/04/09 04:02:15 INFO  - jmeter.threads.JMeterThread: Thread started: Thread Group 1-416 
2022/04/09 04:02:15 INFO  - jmeter.threads.JMeterThread: Thread started: Thread Group 1-417 
2022/04/09 04:02:15 INFO  - jmeter.threads.JMeterThread: Thread started: Thread Group 1-418 
2022/04/09 04:02:15 INFO  - jmeter.threads.JMeterThread: Thread started: Thread Group 1-419 
2022/04/09 04:02:15 INFO  - jmeter.threads.JMeterThread: Thread started: Thread Group 1-420 
2022/04/09 04:02:15 INFO  - jmeter.threads.JMeterThread: Thread started: Thread Group 1-421 
2022/04/09 04:02:15 INFO  - jmeter.threads.JMeterThread: Thread started: Thread Group 1-422 
2022/04/09 04:02:15 INFO  - jmeter.threads.JMeterThread: Thread started: Thread Group 1-423 
2022/04/09 04:02:15 INFO  - jmeter.threads.JMeterThread: Thread started: Thread Group 1-424 
2022/04/09 04:02:15 INFO  - jmeter.threads.JMeterThread: Thread started: Thread Group 1-425 
2022/04/09 04:02:15 INFO  - jmeter.threads.JMeterThread: Thread started: Thread Group 1-426 
2022/04/09 04:02:15 INFO  - jmeter.threads.JMeterThread: Thread started: Thread Group 1-427 
2022/04/09 04:02:15 INFO  - jmeter.threads.JMeterThread: Thread started: Thread Group 1-428 
2022/04/09 04:02:15 INFO  - jmeter.threads.JMeterThread: Thread started: Thread Group 1-429 
2022/04/09 04:02:15 INFO  - jmeter.threads.ThreadGroup: Started thread group number 1 
2022/04/09 04:02:15 INFO  - jmeter.engine.StandardJMeterEngine: All thread groups have been started 
2022/04/09 04:02:15 INFO  - jmeter.threads.JMeterThread: Thread started: Thread Group 1-430 
2022/04/09 04:02:15 INFO  - jmeter.threads.JMeterThread: Thread started: Thread Group 1-431 
2022/04/09 04:02:15 INFO  - jmeter.threads.JMeterThread: Thread started: Thread Group 1-432 
2022/04/09 04:02:15 INFO  - jmeter.threads.JMeterThread: Thread started: Thread Group 1-433 
2022/04/09 04:02:15 INFO  - jmeter.threads.JMeterThread: Thread started: Thread Group 1-434 
2022/04/09 04:02:15 INFO  - jmeter.threads.JMeterThread: Thread started: Thread Group 1-435 
2022/04/09 04:02:15 INFO  - jmeter.threads.JMeterThread: Thread started: Thread Group 1-436 
2022/04/09 04:02:15 INFO  - jmeter.threads.JMeterThread: Thread started: Thread Group 1-437 
2022/04/09 04:02:15 INFO  - jmeter.threads.JMeterThread: Thread started: Thread Group 1-438 
2022/04/09 04:02:15 INFO  - jmeter.threads.JMeterThread: Thread started: Thread Group 1-439 
2022/04/09 04:02:15 INFO  - jmeter.threads.JMeterThread: Thread started: Thread Group 1-440 
2022/04/09 04:02:15 INFO  - jmeter.threads.JMeterThread: Thread started: Thread Group 1-441 
2022/04/09 04:02:15 INFO  - jmeter.threads.JMeterThread: Thread started: Thread Group 1-442 
2022/04/09 04:02:15 INFO  - jmeter.threads.JMeterThread: Thread started: Thread Group 1-443 
2022/04/09 04:02:15 INFO  - jmeter.threads.JMeterThread: Thread started: Thread Group 1-444 
2022/04/09 04:02:15 INFO  - jmeter.threads.JMeterThread: Thread started: Thread Group 1-445 
2022/04/09 04:02:15 INFO  - jmeter.threads.JMeterThread: Thread started: Thread Group 1-446 
2022/04/09 04:02:15 INFO  - jmeter.threads.JMeterThread: Thread started: Thread Group 1-447 
2022/04/09 04:02:15 INFO  - jmeter.threads.JMeterThread: Thread started: Thread Group 1-449 
2022/04/09 04:02:15 INFO  - jmeter.threads.JMeterThread: Thread started: Thread Group 1-448 
2022/04/09 04:02:15 INFO  - jmeter.threads.JMeterThread: Thread started: Thread Group 1-450 
2022/04/09 04:02:15 INFO  - jmeter.threads.JMeterThread: Thread started: Thread Group 1-451 
2022/04/09 04:02:15 INFO  - jmeter.threads.JMeterThread: Thread started: Thread Group 1-452 
2022/04/09 04:02:15 INFO  - jmeter.threads.JMeterThread: Thread started: Thread Group 1-453 
2022/04/09 04:02:15 INFO  - jmeter.threads.JMeterThread: Thread started: Thread Group 1-454 
2022/04/09 04:02:15 INFO  - jmeter.threads.JMeterThread: Thread started: Thread Group 1-455 
2022/04/09 04:02:15 INFO  - jmeter.threads.JMeterThread: Thread started: Thread Group 1-456 
2022/04/09 04:02:15 INFO  - jmeter.threads.JMeterThread: Thread started: Thread Group 1-457 
2022/04/09 04:02:15 INFO  - jmeter.threads.JMeterThread: Thread started: Thread Group 1-458 
2022/04/09 04:02:15 INFO  - jmeter.threads.JMeterThread: Thread started: Thread Group 1-459 
2022/04/09 04:02:15 INFO  - jmeter.threads.JMeterThread: Thread started: Thread Group 1-460 
2022/04/09 04:02:15 INFO  - jmeter.threads.JMeterThread: Thread started: Thread Group 1-462 
2022/04/09 04:02:15 INFO  - jmeter.threads.JMeterThread: Thread started: Thread Group 1-461 
2022/04/09 04:02:15 INFO  - jmeter.threads.JMeterThread: Thread started: Thread Group 1-464 
2022/04/09 04:02:15 INFO  - jmeter.threads.JMeterThread: Thread started: Thread Group 1-466 
2022/04/09 04:02:15 INFO  - jmeter.threads.JMeterThread: Thread started: Thread Group 1-467 
2022/04/09 04:02:15 INFO  - jmeter.threads.JMeterThread: Thread started: Thread Group 1-463 
2022/04/09 04:02:15 INFO  - jmeter.threads.JMeterThread: Thread started: Thread Group 1-468 
2022/04/09 04:02:15 INFO  - jmeter.threads.JMeterThread: Thread started: Thread Group 1-469 
2022/04/09 04:02:15 INFO  - jmeter.threads.JMeterThread: Thread started: Thread Group 1-470 
2022/04/09 04:02:15 INFO  - jmeter.threads.JMeterThread: Thread started: Thread Group 1-480 
2022/04/09 04:02:15 INFO  - jmeter.threads.JMeterThread: Thread started: Thread Group 1-481 
2022/04/09 04:02:15 INFO  - jmeter.threads.JMeterThread: Thread started: Thread Group 1-482 
2022/04/09 04:02:15 INFO  - jmeter.threads.JMeterThread: Thread started: Thread Group 1-483 
2022/04/09 04:02:15 INFO  - jmeter.threads.JMeterThread: Thread started: Thread Group 1-484 
2022/04/09 04:02:15 INFO  - jmeter.threads.JMeterThread: Thread started: Thread Group 1-486 
2022/04/09 04:02:15 INFO  - jmeter.threads.JMeterThread: Thread started: Thread Group 1-487 
2022/04/09 04:02:15 INFO  - jmeter.threads.JMeterThread: Thread started: Thread Group 1-488 
2022/04/09 04:02:15 INFO  - jmeter.threads.JMeterThread: Thread started: Thread Group 1-489 
2022/04/09 04:02:15 INFO  - jmeter.threads.JMeterThread: Thread started: Thread Group 1-471 
2022/04/09 04:02:15 INFO  - jmeter.threads.JMeterThread: Thread started: Thread Group 1-490 
2022/04/09 04:02:15 INFO  - jmeter.threads.JMeterThread: Thread started: Thread Group 1-491 
2022/04/09 04:02:15 INFO  - jmeter.threads.JMeterThread: Thread started: Thread Group 1-492 
2022/04/09 04:02:15 INFO  - jmeter.threads.JMeterThread: Thread started: Thread Group 1-493 
2022/04/09 04:02:15 INFO  - jmeter.threads.JMeterThread: Thread started: Thread Group 1-473 
2022/04/09 04:02:15 INFO  - jmeter.threads.JMeterThread: Thread started: Thread Group 1-494 
2022/04/09 04:02:15 INFO  - jmeter.threads.JMeterThread: Thread started: Thread Group 1-495 
2022/04/09 04:02:15 INFO  - jmeter.threads.JMeterThread: Thread started: Thread Group 1-485 
2022/04/09 04:02:15 INFO  - jmeter.threads.JMeterThread: Thread started: Thread Group 1-496 
2022/04/09 04:02:15 INFO  - jmeter.threads.JMeterThread: Thread started: Thread Group 1-497 
2022/04/09 04:02:15 INFO  - jmeter.threads.JMeterThread: Thread started: Thread Group 1-472 
2022/04/09 04:02:15 INFO  - jmeter.threads.JMeterThread: Thread started: Thread Group 1-498 
2022/04/09 04:02:15 INFO  - jmeter.threads.JMeterThread: Thread started: Thread Group 1-499 
2022/04/09 04:02:15 INFO  - jmeter.threads.JMeterThread: Thread started: Thread Group 1-500 
2022/04/09 04:02:15 INFO  - jmeter.threads.JMeterThread: Thread started: Thread Group 1-474 
2022/04/09 04:02:15 INFO  - jmeter.threads.JMeterThread: Thread started: Thread Group 1-475 
2022/04/09 04:02:15 INFO  - jmeter.threads.JMeterThread: Thread started: Thread Group 1-501 
2022/04/09 04:02:15 INFO  - jmeter.threads.JMeterThread: Thread started: Thread Group 1-502 
2022/04/09 04:02:15 INFO  - jmeter.threads.JMeterThread: Thread started: Thread Group 1-476 
2022/04/09 04:02:15 INFO  - jmeter.threads.JMeterThread: Thread started: Thread Group 1-503 
2022/04/09 04:02:15 INFO  - jmeter.threads.JMeterThread: Thread started: Thread Group 1-504 
2022/04/09 04:02:15 INFO  - jmeter.threads.JMeterThread: Thread started: Thread Group 1-477 
2022/04/09 04:02:15 INFO  - jmeter.threads.JMeterThread: Thread started: Thread Group 1-505 
2022/04/09 04:02:15 INFO  - jmeter.threads.JMeterThread: Thread started: Thread Group 1-478 
2022/04/09 04:02:15 INFO  - jmeter.threads.JMeterThread: Thread started: Thread Group 1-506 
2022/04/09 04:02:15 INFO  - jmeter.threads.JMeterThread: Thread started: Thread Group 1-507 
2022/04/09 04:02:15 INFO  - jmeter.threads.JMeterThread: Thread started: Thread Group 1-479 
2022/04/09 04:02:15 INFO  - jmeter.threads.JMeterThread: Thread started: Thread Group 1-508 
2022/04/09 04:02:15 INFO  - jmeter.threads.JMeterThread: Thread started: Thread Group 1-509 
2022/04/09 04:02:15 INFO  - jmeter.threads.JMeterThread: Thread started: Thread Group 1-510 
2022/04/09 04:02:15 INFO  - jmeter.threads.JMeterThread: Thread started: Thread Group 1-511 
2022/04/09 04:02:15 INFO  - jmeter.threads.JMeterThread: Thread started: Thread Group 1-513 
2022/04/09 04:02:15 INFO  - jmeter.threads.JMeterThread: Thread started: Thread Group 1-514 
2022/04/09 04:02:15 INFO  - jmeter.threads.JMeterThread: Thread started: Thread Group 1-515 
2022/04/09 04:02:15 INFO  - jmeter.threads.JMeterThread: Thread started: Thread Group 1-516 
2022/04/09 04:02:15 INFO  - jmeter.threads.JMeterThread: Thread started: Thread Group 1-465 
2022/04/09 04:02:15 INFO  - jmeter.threads.JMeterThread: Thread started: Thread Group 1-512 
2022/04/09 04:02:15 INFO  - jmeter.threads.JMeterThread: Thread started: Thread Group 1-517 
2022/04/09 04:02:15 INFO  - jmeter.threads.JMeterThread: Thread started: Thread Group 1-518 
2022/04/09 04:02:15 INFO  - jmeter.threads.JMeterThread: Thread started: Thread Group 1-520 
2022/04/09 04:02:15 INFO  - jmeter.threads.JMeterThread: Thread started: Thread Group 1-521 
2022/04/09 04:02:15 INFO  - jmeter.threads.JMeterThread: Thread started: Thread Group 1-522 
2022/04/09 04:02:15 INFO  - jmeter.threads.JMeterThread: Thread started: Thread Group 1-519 
2022/04/09 04:02:15 INFO  - jmeter.threads.JMeterThread: Thread started: Thread Group 1-523 
2022/04/09 04:02:15 INFO  - jmeter.threads.JMeterThread: Thread started: Thread Group 1-524 
2022/04/09 04:02:15 INFO  - jmeter.threads.JMeterThread: Thread started: Thread Group 1-525 
2022/04/09 04:02:15 INFO  - jmeter.threads.JMeterThread: Thread started: Thread Group 1-527 
2022/04/09 04:02:15 INFO  - jmeter.threads.JMeterThread: Thread started: Thread Group 1-526 
2022/04/09 04:02:15 INFO  - jmeter.threads.JMeterThread: Thread started: Thread Group 1-528 
2022/04/09 04:02:15 INFO  - jmeter.threads.JMeterThread: Thread started: Thread Group 1-529 
2022/04/09 04:02:15 INFO  - jmeter.threads.JMeterThread: Thread started: Thread Group 1-530 
2022/04/09 04:02:15 INFO  - jmeter.threads.JMeterThread: Thread started: Thread Group 1-531 
2022/04/09 04:02:15 INFO  - jmeter.threads.JMeterThread: Thread started: Thread Group 1-532 
2022/04/09 04:02:15 INFO  - jmeter.threads.JMeterThread: Thread started: Thread Group 1-533 
2022/04/09 04:02:15 INFO  - jmeter.threads.JMeterThread: Thread started: Thread Group 1-534 
2022/04/09 04:02:15 INFO  - jmeter.threads.JMeterThread: Thread started: Thread Group 1-535 
2022/04/09 04:02:15 INFO  - jmeter.threads.JMeterThread: Thread started: Thread Group 1-536 
2022/04/09 04:02:15 INFO  - jmeter.threads.JMeterThread: Thread started: Thread Group 1-537 
2022/04/09 04:02:15 INFO  - jmeter.threads.JMeterThread: Thread started: Thread Group 1-538 
2022/04/09 04:02:15 INFO  - jmeter.threads.JMeterThread: Thread started: Thread Group 1-539 
2022/04/09 04:02:15 INFO  - jmeter.threads.JMeterThread: Thread started: Thread Group 1-542 
2022/04/09 04:02:15 INFO  - jmeter.threads.JMeterThread: Thread started: Thread Group 1-540 
2022/04/09 04:02:15 INFO  - jmeter.threads.JMeterThread: Thread started: Thread Group 1-541 
2022/04/09 04:02:15 INFO  - jmeter.threads.JMeterThread: Thread started: Thread Group 1-544 
2022/04/09 04:02:15 INFO  - jmeter.threads.JMeterThread: Thread started: Thread Group 1-545 
2022/04/09 04:02:15 INFO  - jmeter.threads.JMeterThread: Thread started: Thread Group 1-543 
2022/04/09 04:02:15 INFO  - jmeter.threads.JMeterThread: Thread started: Thread Group 1-546 
2022/04/09 04:02:15 INFO  - jmeter.threads.JMeterThread: Thread started: Thread Group 1-547 
2022/04/09 04:02:15 INFO  - jmeter.threads.JMeterThread: Thread started: Thread Group 1-548 
2022/04/09 04:02:15 INFO  - jmeter.threads.JMeterThread: Thread started: Thread Group 1-550 
2022/04/09 04:02:15 INFO  - jmeter.threads.JMeterThread: Thread started: Thread Group 1-551 
2022/04/09 04:02:15 INFO  - jmeter.threads.JMeterThread: Thread started: Thread Group 1-552 
2022/04/09 04:02:15 INFO  - jmeter.threads.JMeterThread: Thread started: Thread Group 1-553 
2022/04/09 04:02:15 INFO  - jmeter.threads.JMeterThread: Thread started: Thread Group 1-554 
2022/04/09 04:02:15 INFO  - jmeter.threads.JMeterThread: Thread started: Thread Group 1-555 
2022/04/09 04:02:15 INFO  - jmeter.threads.JMeterThread: Thread started: Thread Group 1-556 
2022/04/09 04:02:15 INFO  - jmeter.threads.JMeterThread: Thread started: Thread Group 1-557 
2022/04/09 04:02:15 INFO  - jmeter.threads.JMeterThread: Thread started: Thread Group 1-558 
2022/04/09 04:02:15 INFO  - jmeter.threads.JMeterThread: Thread started: Thread Group 1-559 
2022/04/09 04:02:15 INFO  - jmeter.threads.JMeterThread: Thread started: Thread Group 1-561 
2022/04/09 04:02:15 INFO  - jmeter.threads.JMeterThread: Thread started: Thread Group 1-549 
2022/04/09 04:02:15 INFO  - jmeter.threads.JMeterThread: Thread started: Thread Group 1-560 
2022/04/09 04:02:15 INFO  - jmeter.threads.JMeterThread: Thread started: Thread Group 1-562 
2022/04/09 04:02:15 INFO  - jmeter.threads.JMeterThread: Thread started: Thread Group 1-564 
2022/04/09 04:02:15 INFO  - jmeter.threads.JMeterThread: Thread started: Thread Group 1-563 
2022/04/09 04:02:15 INFO  - jmeter.threads.JMeterThread: Thread started: Thread Group 1-570 
2022/04/09 04:02:15 INFO  - jmeter.threads.JMeterThread: Thread started: Thread Group 1-571 
2022/04/09 04:02:15 INFO  - jmeter.threads.JMeterThread: Thread started: Thread Group 1-569 
2022/04/09 04:02:15 INFO  - jmeter.threads.JMeterThread: Thread started: Thread Group 1-566 
2022/04/09 04:02:15 INFO  - jmeter.threads.JMeterThread: Thread started: Thread Group 1-568 
2022/04/09 04:02:15 INFO  - jmeter.threads.JMeterThread: Thread started: Thread Group 1-567 
2022/04/09 04:02:15 INFO  - jmeter.threads.JMeterThread: Thread started: Thread Group 1-572 
2022/04/09 04:02:15 INFO  - jmeter.threads.JMeterThread: Thread started: Thread Group 1-582 
2022/04/09 04:02:15 INFO  - jmeter.threads.JMeterThread: Thread started: Thread Group 1-580 
2022/04/09 04:02:15 INFO  - jmeter.threads.JMeterThread: Thread started: Thread Group 1-575 
2022/04/09 04:02:15 INFO  - jmeter.threads.JMeterThread: Thread started: Thread Group 1-576 
2022/04/09 04:02:15 INFO  - jmeter.threads.JMeterThread: Thread started: Thread Group 1-573 
2022/04/09 04:02:15 INFO  - jmeter.threads.JMeterThread: Thread started: Thread Group 1-565 
2022/04/09 04:02:15 INFO  - jmeter.threads.JMeterThread: Thread started: Thread Group 1-578 
2022/04/09 04:02:15 INFO  - jmeter.threads.JMeterThread: Thread started: Thread Group 1-574 
2022/04/09 04:02:15 INFO  - jmeter.threads.JMeterThread: Thread started: Thread Group 1-585 
2022/04/09 04:02:15 INFO  - jmeter.threads.JMeterThread: Thread started: Thread Group 1-581 
2022/04/09 04:02:15 INFO  - jmeter.threads.JMeterThread: Thread started: Thread Group 1-584 
2022/04/09 04:02:15 INFO  - jmeter.threads.JMeterThread: Thread started: Thread Group 1-583 
2022/04/09 04:02:15 INFO  - jmeter.threads.JMeterThread: Thread started: Thread Group 1-577 
2022/04/09 04:02:15 INFO  - jmeter.threads.JMeterThread: Thread started: Thread Group 1-589 
2022/04/09 04:02:15 INFO  - jmeter.threads.JMeterThread: Thread started: Thread Group 1-588 
2022/04/09 04:02:15 INFO  - jmeter.threads.JMeterThread: Thread started: Thread Group 1-590 
2022/04/09 04:02:15 INFO  - jmeter.threads.JMeterThread: Thread started: Thread Group 1-587 
2022/04/09 04:02:15 INFO  - jmeter.threads.JMeterThread: Thread started: Thread Group 1-579 
2022/04/09 04:02:15 INFO  - jmeter.threads.JMeterThread: Thread started: Thread Group 1-586 
2022/04/09 04:02:15 INFO  - jmeter.threads.JMeterThread: Thread started: Thread Group 1-591 
2022/04/09 04:02:15 INFO  - jmeter.threads.JMeterThread: Thread started: Thread Group 1-592 
2022/04/09 04:02:15 INFO  - jmeter.threads.JMeterThread: Thread started: Thread Group 1-594 
2022/04/09 04:02:15 INFO  - jmeter.threads.JMeterThread: Thread started: Thread Group 1-593 
2022/04/09 04:02:15 INFO  - jmeter.threads.JMeterThread: Thread started: Thread Group 1-596 
2022/04/09 04:02:15 INFO  - jmeter.threads.JMeterThread: Thread started: Thread Group 1-595 
2022/04/09 04:02:15 INFO  - jmeter.threads.JMeterThread: Thread started: Thread Group 1-597 
2022/04/09 04:02:15 INFO  - jmeter.threads.JMeterThread: Thread started: Thread Group 1-600 
2022/04/09 04:02:15 INFO  - jmeter.threads.JMeterThread: Thread started: Thread Group 1-598 
2022/04/09 04:02:15 INFO  - jmeter.threads.JMeterThread: Thread started: Thread Group 1-599 
2022/04/09 04:02:15 INFO  - jmeter.threads.JMeterThread: Thread started: Thread Group 1-601 
2022/04/09 04:02:15 INFO  - jmeter.threads.JMeterThread: Thread started: Thread Group 1-602 
2022/04/09 04:02:15 INFO  - jmeter.threads.JMeterThread: Thread started: Thread Group 1-603 
2022/04/09 04:02:15 INFO  - jmeter.threads.JMeterThread: Thread started: Thread Group 1-604 
2022/04/09 04:02:15 INFO  - jmeter.threads.JMeterThread: Thread started: Thread Group 1-605 
2022/04/09 04:02:15 INFO  - jmeter.threads.JMeterThread: Thread started: Thread Group 1-607 
2022/04/09 04:02:15 INFO  - jmeter.threads.JMeterThread: Thread started: Thread Group 1-610 
2022/04/09 04:02:15 INFO  - jmeter.threads.JMeterThread: Thread started: Thread Group 1-613 
2022/04/09 04:02:15 INFO  - jmeter.threads.JMeterThread: Thread started: Thread Group 1-606 
2022/04/09 04:02:15 INFO  - jmeter.threads.JMeterThread: Thread started: Thread Group 1-608 
2022/04/09 04:02:15 INFO  - jmeter.threads.JMeterThread: Thread started: Thread Group 1-611 
2022/04/09 04:02:15 INFO  - jmeter.threads.JMeterThread: Thread started: Thread Group 1-609 
2022/04/09 04:02:15 INFO  - jmeter.threads.JMeterThread: Thread started: Thread Group 1-617 
2022/04/09 04:02:15 INFO  - jmeter.threads.JMeterThread: Thread started: Thread Group 1-616 
2022/04/09 04:02:15 INFO  - jmeter.threads.JMeterThread: Thread started: Thread Group 1-615 
2022/04/09 04:02:15 INFO  - jmeter.threads.JMeterThread: Thread started: Thread Group 1-614 
2022/04/09 04:02:15 INFO  - jmeter.threads.JMeterThread: Thread started: Thread Group 1-618 
2022/04/09 04:02:15 INFO  - jmeter.threads.JMeterThread: Thread started: Thread Group 1-612 
2022/04/09 04:02:15 INFO  - jmeter.threads.JMeterThread: Thread started: Thread Group 1-619 
2022/04/09 04:02:15 INFO  - jmeter.threads.JMeterThread: Thread started: Thread Group 1-620 
2022/04/09 04:02:15 INFO  - jmeter.threads.JMeterThread: Thread started: Thread Group 1-621 
2022/04/09 04:02:15 INFO  - jmeter.threads.JMeterThread: Thread started: Thread Group 1-622 
2022/04/09 04:02:15 INFO  - jmeter.threads.JMeterThread: Thread started: Thread Group 1-623 
2022/04/09 04:02:15 INFO  - jmeter.threads.JMeterThread: Thread started: Thread Group 1-624 
2022/04/09 04:02:15 INFO  - jmeter.threads.JMeterThread: Thread started: Thread Group 1-625 
2022/04/09 04:02:15 INFO  - jmeter.threads.JMeterThread: Thread started: Thread Group 1-626 
2022/04/09 04:02:15 INFO  - jmeter.threads.JMeterThread: Thread started: Thread Group 1-627 
2022/04/09 04:02:15 INFO  - jmeter.threads.JMeterThread: Thread started: Thread Group 1-629 
2022/04/09 04:02:15 INFO  - jmeter.threads.JMeterThread: Thread started: Thread Group 1-628 
2022/04/09 04:02:15 INFO  - jmeter.threads.JMeterThread: Thread started: Thread Group 1-630 
2022/04/09 04:02:15 INFO  - jmeter.threads.JMeterThread: Thread started: Thread Group 1-631 
2022/04/09 04:02:15 INFO  - jmeter.threads.JMeterThread: Thread started: Thread Group 1-632 
2022/04/09 04:02:15 INFO  - jmeter.threads.JMeterThread: Thread started: Thread Group 1-633 
2022/04/09 04:02:15 INFO  - jmeter.threads.JMeterThread: Thread started: Thread Group 1-634 
2022/04/09 04:02:15 INFO  - jmeter.threads.JMeterThread: Thread started: Thread Group 1-635 
2022/04/09 04:02:15 INFO  - jmeter.threads.JMeterThread: Thread started: Thread Group 1-636 
2022/04/09 04:02:15 INFO  - jmeter.threads.JMeterThread: Thread started: Thread Group 1-637 
2022/04/09 04:02:15 INFO  - jmeter.threads.JMeterThread: Thread started: Thread Group 1-638 
2022/04/09 04:02:15 INFO  - jmeter.threads.JMeterThread: Thread started: Thread Group 1-639 
2022/04/09 04:02:15 INFO  - jmeter.threads.JMeterThread: Thread started: Thread Group 1-640 
2022/04/09 04:02:15 INFO  - jmeter.threads.JMeterThread: Thread started: Thread Group 1-641 
2022/04/09 04:02:15 INFO  - jmeter.threads.JMeterThread: Thread started: Thread Group 1-642 
2022/04/09 04:02:15 INFO  - jmeter.threads.JMeterThread: Thread started: Thread Group 1-643 
2022/04/09 04:02:15 INFO  - jmeter.threads.JMeterThread: Thread started: Thread Group 1-644 
2022/04/09 04:02:15 INFO  - jmeter.threads.JMeterThread: Thread started: Thread Group 1-645 
2022/04/09 04:02:15 INFO  - jmeter.threads.JMeterThread: Thread started: Thread Group 1-646 
2022/04/09 04:02:15 INFO  - jmeter.threads.JMeterThread: Thread started: Thread Group 1-648 
2022/04/09 04:02:15 INFO  - jmeter.threads.JMeterThread: Thread started: Thread Group 1-647 
2022/04/09 04:02:15 INFO  - jmeter.threads.JMeterThread: Thread started: Thread Group 1-649 
2022/04/09 04:02:15 INFO  - jmeter.threads.JMeterThread: Thread started: Thread Group 1-650 
2022/04/09 04:02:15 INFO  - jmeter.threads.JMeterThread: Thread started: Thread Group 1-652 
2022/04/09 04:02:15 INFO  - jmeter.threads.JMeterThread: Thread started: Thread Group 1-651 
2022/04/09 04:02:15 INFO  - jmeter.threads.JMeterThread: Thread started: Thread Group 1-653 
2022/04/09 04:02:15 INFO  - jmeter.threads.JMeterThread: Thread started: Thread Group 1-654 
2022/04/09 04:02:15 INFO  - jmeter.threads.JMeterThread: Thread started: Thread Group 1-657 
2022/04/09 04:02:15 INFO  - jmeter.threads.JMeterThread: Thread started: Thread Group 1-658 
2022/04/09 04:02:15 INFO  - jmeter.threads.JMeterThread: Thread started: Thread Group 1-659 
2022/04/09 04:02:15 INFO  - jmeter.threads.JMeterThread: Thread started: Thread Group 1-660 
2022/04/09 04:02:15 INFO  - jmeter.threads.JMeterThread: Thread started: Thread Group 1-662 
2022/04/09 04:02:15 INFO  - jmeter.threads.JMeterThread: Thread started: Thread Group 1-664 
2022/04/09 04:02:15 INFO  - jmeter.threads.JMeterThread: Thread started: Thread Group 1-661 
2022/04/09 04:02:15 INFO  - jmeter.threads.JMeterThread: Thread started: Thread Group 1-656 
2022/04/09 04:02:15 INFO  - jmeter.threads.JMeterThread: Thread started: Thread Group 1-666 
2022/04/09 04:02:15 INFO  - jmeter.threads.JMeterThread: Thread started: Thread Group 1-655 
2022/04/09 04:02:15 INFO  - jmeter.threads.JMeterThread: Thread started: Thread Group 1-665 
2022/04/09 04:02:15 INFO  - jmeter.threads.JMeterThread: Thread started: Thread Group 1-667 
2022/04/09 04:02:15 INFO  - jmeter.threads.JMeterThread: Thread started: Thread Group 1-663 
2022/04/09 04:02:15 INFO  - jmeter.threads.JMeterThread: Thread started: Thread Group 1-668 
2022/04/09 04:02:15 INFO  - jmeter.threads.JMeterThread: Thread started: Thread Group 1-669 
2022/04/09 04:02:15 INFO  - jmeter.threads.JMeterThread: Thread started: Thread Group 1-670 
2022/04/09 04:02:15 INFO  - jmeter.threads.JMeterThread: Thread started: Thread Group 1-671 
2022/04/09 04:02:15 INFO  - jmeter.threads.JMeterThread: Thread started: Thread Group 1-672 
2022/04/09 04:02:15 INFO  - jmeter.threads.JMeterThread: Thread started: Thread Group 1-673 
2022/04/09 04:02:15 INFO  - jmeter.threads.JMeterThread: Thread started: Thread Group 1-674 
2022/04/09 04:02:15 INFO  - jmeter.threads.JMeterThread: Thread started: Thread Group 1-675 
2022/04/09 04:02:15 INFO  - jmeter.threads.JMeterThread: Thread started: Thread Group 1-676 
2022/04/09 04:02:15 INFO  - jmeter.threads.JMeterThread: Thread started: Thread Group 1-677 
2022/04/09 04:02:15 INFO  - jmeter.threads.JMeterThread: Thread started: Thread Group 1-678 
2022/04/09 04:02:15 INFO  - jmeter.threads.JMeterThread: Thread started: Thread Group 1-679 
2022/04/09 04:02:15 INFO  - jmeter.threads.JMeterThread: Thread started: Thread Group 1-680 
2022/04/09 04:02:15 INFO  - jmeter.threads.JMeterThread: Thread started: Thread Group 1-681 
2022/04/09 04:02:15 INFO  - jmeter.threads.JMeterThread: Thread started: Thread Group 1-682 
2022/04/09 04:02:15 INFO  - jmeter.threads.JMeterThread: Thread started: Thread Group 1-683 
2022/04/09 04:02:15 INFO  - jmeter.threads.JMeterThread: Thread started: Thread Group 1-684 
2022/04/09 04:02:15 INFO  - jmeter.threads.JMeterThread: Thread started: Thread Group 1-685 
2022/04/09 04:02:15 INFO  - jmeter.threads.JMeterThread: Thread started: Thread Group 1-686 
2022/04/09 04:02:15 INFO  - jmeter.threads.JMeterThread: Thread started: Thread Group 1-687 
2022/04/09 04:02:15 INFO  - jmeter.threads.JMeterThread: Thread started: Thread Group 1-688 
2022/04/09 04:02:15 INFO  - jmeter.threads.JMeterThread: Thread started: Thread Group 1-689 
2022/04/09 04:02:15 INFO  - jmeter.threads.JMeterThread: Thread started: Thread Group 1-690 
2022/04/09 04:02:15 INFO  - jmeter.threads.JMeterThread: Thread started: Thread Group 1-691 
2022/04/09 04:02:15 INFO  - jmeter.threads.JMeterThread: Thread started: Thread Group 1-692 
2022/04/09 04:02:15 INFO  - jmeter.threads.JMeterThread: Thread started: Thread Group 1-693 
2022/04/09 04:02:15 INFO  - jmeter.threads.JMeterThread: Thread started: Thread Group 1-694 
2022/04/09 04:02:15 INFO  - jmeter.threads.JMeterThread: Thread started: Thread Group 1-695 
2022/04/09 04:02:15 INFO  - jmeter.threads.JMeterThread: Thread started: Thread Group 1-696 
2022/04/09 04:02:15 INFO  - jmeter.threads.JMeterThread: Thread started: Thread Group 1-697 
2022/04/09 04:02:15 INFO  - jmeter.threads.JMeterThread: Thread started: Thread Group 1-698 
2022/04/09 04:02:15 INFO  - jmeter.threads.JMeterThread: Thread started: Thread Group 1-699 
2022/04/09 04:02:15 INFO  - jmeter.threads.JMeterThread: Thread started: Thread Group 1-700 
2022/04/09 04:02:15 INFO  - jmeter.threads.JMeterThread: Thread started: Thread Group 1-701 
2022/04/09 04:02:15 INFO  - jmeter.threads.JMeterThread: Thread started: Thread Group 1-702 
2022/04/09 04:02:15 INFO  - jmeter.threads.JMeterThread: Thread started: Thread Group 1-703 
2022/04/09 04:02:15 INFO  - jmeter.threads.JMeterThread: Thread started: Thread Group 1-704 
2022/04/09 04:02:15 INFO  - jmeter.threads.JMeterThread: Thread started: Thread Group 1-705 
2022/04/09 04:02:15 INFO  - jmeter.threads.JMeterThread: Thread started: Thread Group 1-706 
2022/04/09 04:02:15 INFO  - jmeter.threads.JMeterThread: Thread started: Thread Group 1-707 
2022/04/09 04:02:15 INFO  - jmeter.threads.JMeterThread: Thread started: Thread Group 1-708 
2022/04/09 04:02:15 INFO  - jmeter.threads.JMeterThread: Thread started: Thread Group 1-709 
2022/04/09 04:02:15 INFO  - jmeter.threads.JMeterThread: Thread started: Thread Group 1-710 
2022/04/09 04:02:15 INFO  - jmeter.threads.JMeterThread: Thread started: Thread Group 1-711 
2022/04/09 04:02:15 INFO  - jmeter.threads.JMeterThread: Thread started: Thread Group 1-712 
2022/04/09 04:02:15 INFO  - jmeter.threads.JMeterThread: Thread started: Thread Group 1-713 
2022/04/09 04:02:15 INFO  - jmeter.threads.JMeterThread: Thread started: Thread Group 1-714 
2022/04/09 04:02:15 INFO  - jmeter.threads.JMeterThread: Thread started: Thread Group 1-715 
2022/04/09 04:02:15 INFO  - jmeter.threads.JMeterThread: Thread started: Thread Group 1-716 
2022/04/09 04:02:15 INFO  - jmeter.threads.JMeterThread: Thread started: Thread Group 1-717 
2022/04/09 04:02:15 INFO  - jmeter.threads.JMeterThread: Thread started: Thread Group 1-719 
2022/04/09 04:02:15 INFO  - jmeter.threads.JMeterThread: Thread started: Thread Group 1-718 
2022/04/09 04:02:15 INFO  - jmeter.threads.JMeterThread: Thread started: Thread Group 1-720 
2022/04/09 04:02:15 INFO  - jmeter.threads.JMeterThread: Thread started: Thread Group 1-722 
2022/04/09 04:02:15 INFO  - jmeter.threads.JMeterThread: Thread started: Thread Group 1-721 
2022/04/09 04:02:15 INFO  - jmeter.threads.JMeterThread: Thread started: Thread Group 1-723 
2022/04/09 04:02:15 INFO  - jmeter.threads.JMeterThread: Thread started: Thread Group 1-724 
2022/04/09 04:02:15 INFO  - jmeter.threads.JMeterThread: Thread started: Thread Group 1-725 
2022/04/09 04:02:15 INFO  - jmeter.threads.JMeterThread: Thread started: Thread Group 1-726 
2022/04/09 04:02:15 INFO  - jmeter.threads.JMeterThread: Thread started: Thread Group 1-727 
2022/04/09 04:02:15 INFO  - jmeter.threads.JMeterThread: Thread started: Thread Group 1-728 
2022/04/09 04:02:15 INFO  - jmeter.threads.JMeterThread: Thread started: Thread Group 1-729 
2022/04/09 04:02:15 INFO  - jmeter.threads.JMeterThread: Thread started: Thread Group 1-730 
2022/04/09 04:02:15 INFO  - jmeter.threads.JMeterThread: Thread started: Thread Group 1-731 
2022/04/09 04:02:15 INFO  - jmeter.threads.JMeterThread: Thread started: Thread Group 1-732 
2022/04/09 04:02:15 INFO  - jmeter.threads.JMeterThread: Thread started: Thread Group 1-733 
2022/04/09 04:02:15 INFO  - jmeter.threads.JMeterThread: Thread started: Thread Group 1-734 
2022/04/09 04:02:15 INFO  - jmeter.threads.JMeterThread: Thread started: Thread Group 1-735 
2022/04/09 04:02:15 INFO  - jmeter.threads.JMeterThread: Thread started: Thread Group 1-736 
2022/04/09 04:02:15 INFO  - jmeter.threads.JMeterThread: Thread started: Thread Group 1-738 
2022/04/09 04:02:15 INFO  - jmeter.threads.JMeterThread: Thread started: Thread Group 1-740 
2022/04/09 04:02:15 INFO  - jmeter.threads.JMeterThread: Thread started: Thread Group 1-737 
2022/04/09 04:02:15 INFO  - jmeter.threads.JMeterThread: Thread started: Thread Group 1-741 
2022/04/09 04:02:15 INFO  - jmeter.threads.JMeterThread: Thread started: Thread Group 1-739 
2022/04/09 04:02:15 INFO  - jmeter.threads.JMeterThread: Thread started: Thread Group 1-742 
2022/04/09 04:02:15 INFO  - jmeter.threads.JMeterThread: Thread started: Thread Group 1-743 
2022/04/09 04:02:15 INFO  - jmeter.threads.JMeterThread: Thread started: Thread Group 1-744 
2022/04/09 04:02:15 INFO  - jmeter.threads.JMeterThread: Thread started: Thread Group 1-745 
2022/04/09 04:02:15 INFO  - jmeter.threads.JMeterThread: Thread started: Thread Group 1-746 
2022/04/09 04:02:15 INFO  - jmeter.threads.JMeterThread: Thread started: Thread Group 1-747 
2022/04/09 04:02:15 INFO  - jmeter.threads.JMeterThread: Thread started: Thread Group 1-748 
2022/04/09 04:02:15 INFO  - jmeter.threads.JMeterThread: Thread started: Thread Group 1-749 
2022/04/09 04:02:15 INFO  - jmeter.threads.JMeterThread: Thread started: Thread Group 1-750 
2022/04/09 04:02:15 INFO  - jmeter.threads.JMeterThread: Thread started: Thread Group 1-751 
2022/04/09 04:02:15 INFO  - jmeter.threads.JMeterThread: Thread started: Thread Group 1-752 
2022/04/09 04:02:15 INFO  - jmeter.threads.JMeterThread: Thread started: Thread Group 1-753 
2022/04/09 04:02:15 INFO  - jmeter.threads.JMeterThread: Thread started: Thread Group 1-754 
2022/04/09 04:02:15 INFO  - jmeter.threads.JMeterThread: Thread started: Thread Group 1-755 
2022/04/09 04:02:15 INFO  - jmeter.threads.JMeterThread: Thread started: Thread Group 1-756 
2022/04/09 04:02:15 INFO  - jmeter.threads.JMeterThread: Thread started: Thread Group 1-757 
2022/04/09 04:02:15 INFO  - jmeter.threads.JMeterThread: Thread started: Thread Group 1-758 
2022/04/09 04:02:15 INFO  - jmeter.threads.JMeterThread: Thread started: Thread Group 1-759 
2022/04/09 04:02:15 INFO  - jmeter.threads.JMeterThread: Thread started: Thread Group 1-760 
2022/04/09 04:02:15 INFO  - jmeter.threads.JMeterThread: Thread started: Thread Group 1-761 
2022/04/09 04:02:15 INFO  - jmeter.threads.JMeterThread: Thread started: Thread Group 1-762 
2022/04/09 04:02:15 INFO  - jmeter.threads.JMeterThread: Thread started: Thread Group 1-763 
2022/04/09 04:02:15 INFO  - jmeter.threads.JMeterThread: Thread started: Thread Group 1-764 
2022/04/09 04:02:15 INFO  - jmeter.threads.JMeterThread: Thread started: Thread Group 1-765 
2022/04/09 04:02:15 INFO  - jmeter.threads.JMeterThread: Thread started: Thread Group 1-766 
2022/04/09 04:02:15 INFO  - jmeter.threads.JMeterThread: Thread started: Thread Group 1-767 
2022/04/09 04:02:15 INFO  - jmeter.threads.JMeterThread: Thread started: Thread Group 1-768 
2022/04/09 04:02:15 INFO  - jmeter.threads.JMeterThread: Thread started: Thread Group 1-769 
2022/04/09 04:02:15 INFO  - jmeter.threads.JMeterThread: Thread started: Thread Group 1-770 
2022/04/09 04:02:15 INFO  - jmeter.threads.JMeterThread: Thread started: Thread Group 1-771 
2022/04/09 04:02:15 INFO  - jmeter.threads.JMeterThread: Thread started: Thread Group 1-772 
2022/04/09 04:02:15 INFO  - jmeter.threads.JMeterThread: Thread started: Thread Group 1-773 
2022/04/09 04:02:15 INFO  - jmeter.threads.JMeterThread: Thread started: Thread Group 1-774 
2022/04/09 04:02:15 INFO  - jmeter.threads.JMeterThread: Thread started: Thread Group 1-775 
2022/04/09 04:02:15 INFO  - jmeter.threads.JMeterThread: Thread started: Thread Group 1-776 
2022/04/09 04:02:15 INFO  - jmeter.threads.JMeterThread: Thread started: Thread Group 1-777 
2022/04/09 04:02:15 INFO  - jmeter.threads.JMeterThread: Thread started: Thread Group 1-778 
2022/04/09 04:02:15 INFO  - jmeter.threads.JMeterThread: Thread started: Thread Group 1-779 
2022/04/09 04:02:15 INFO  - jmeter.threads.JMeterThread: Thread started: Thread Group 1-780 
2022/04/09 04:02:15 INFO  - jmeter.threads.JMeterThread: Thread started: Thread Group 1-781 
2022/04/09 04:02:15 INFO  - jmeter.threads.JMeterThread: Thread started: Thread Group 1-782 
2022/04/09 04:02:15 INFO  - jmeter.threads.JMeterThread: Thread started: Thread Group 1-783 
2022/04/09 04:02:15 INFO  - jmeter.threads.JMeterThread: Thread started: Thread Group 1-784 
2022/04/09 04:02:15 INFO  - jmeter.threads.JMeterThread: Thread started: Thread Group 1-785 
2022/04/09 04:02:15 INFO  - jmeter.threads.JMeterThread: Thread started: Thread Group 1-786 
2022/04/09 04:02:15 INFO  - jmeter.threads.JMeterThread: Thread started: Thread Group 1-787 
2022/04/09 04:02:15 INFO  - jmeter.threads.JMeterThread: Thread started: Thread Group 1-788 
2022/04/09 04:02:15 INFO  - jmeter.threads.JMeterThread: Thread started: Thread Group 1-789 
2022/04/09 04:02:15 INFO  - jmeter.threads.JMeterThread: Thread started: Thread Group 1-790 
2022/04/09 04:02:15 INFO  - jmeter.threads.JMeterThread: Thread started: Thread Group 1-791 
2022/04/09 04:02:15 INFO  - jmeter.threads.JMeterThread: Thread started: Thread Group 1-792 
2022/04/09 04:02:15 INFO  - jmeter.threads.JMeterThread: Thread started: Thread Group 1-793 
2022/04/09 04:02:15 INFO  - jmeter.threads.JMeterThread: Thread started: Thread Group 1-794 
2022/04/09 04:02:15 INFO  - jmeter.threads.JMeterThread: Thread started: Thread Group 1-795 
2022/04/09 04:02:15 INFO  - jmeter.threads.JMeterThread: Thread started: Thread Group 1-796 
2022/04/09 04:02:15 INFO  - jmeter.threads.JMeterThread: Thread started: Thread Group 1-797 
2022/04/09 04:02:15 INFO  - jmeter.threads.JMeterThread: Thread started: Thread Group 1-798 
2022/04/09 04:02:15 INFO  - jmeter.threads.JMeterThread: Thread started: Thread Group 1-799 
2022/04/09 04:02:15 INFO  - jmeter.threads.JMeterThread: Thread started: Thread Group 1-800 
2022/04/09 04:02:15 INFO  - jmeter.threads.JMeterThread: Thread started: Thread Group 1-801 
2022/04/09 04:02:15 INFO  - jmeter.threads.JMeterThread: Thread started: Thread Group 1-802 
2022/04/09 04:02:15 INFO  - jmeter.threads.JMeterThread: Thread started: Thread Group 1-803 
2022/04/09 04:02:15 INFO  - jmeter.threads.JMeterThread: Thread started: Thread Group 1-817 
2022/04/09 04:02:15 INFO  - jmeter.threads.JMeterThread: Thread started: Thread Group 1-816 
2022/04/09 04:02:15 INFO  - jmeter.threads.JMeterThread: Thread started: Thread Group 1-814 
2022/04/09 04:02:15 INFO  - jmeter.threads.JMeterThread: Thread started: Thread Group 1-818 
2022/04/09 04:02:15 INFO  - jmeter.threads.JMeterThread: Thread started: Thread Group 1-813 
2022/04/09 04:02:15 INFO  - jmeter.threads.JMeterThread: Thread started: Thread Group 1-819 
2022/04/09 04:02:15 INFO  - jmeter.threads.JMeterThread: Thread started: Thread Group 1-820 
2022/04/09 04:02:15 INFO  - jmeter.threads.JMeterThread: Thread started: Thread Group 1-821 
2022/04/09 04:02:15 INFO  - jmeter.threads.JMeterThread: Thread started: Thread Group 1-822 
2022/04/09 04:02:15 INFO  - jmeter.threads.JMeterThread: Thread started: Thread Group 1-823 
2022/04/09 04:02:15 INFO  - jmeter.threads.JMeterThread: Thread started: Thread Group 1-824 
2022/04/09 04:02:15 INFO  - jmeter.threads.JMeterThread: Thread started: Thread Group 1-825 
2022/04/09 04:02:15 INFO  - jmeter.threads.JMeterThread: Thread started: Thread Group 1-826 
2022/04/09 04:02:15 INFO  - jmeter.threads.JMeterThread: Thread started: Thread Group 1-827 
2022/04/09 04:02:15 INFO  - jmeter.threads.JMeterThread: Thread started: Thread Group 1-815 
2022/04/09 04:02:15 INFO  - jmeter.threads.JMeterThread: Thread started: Thread Group 1-828 
2022/04/09 04:02:15 INFO  - jmeter.threads.JMeterThread: Thread started: Thread Group 1-829 
2022/04/09 04:02:15 INFO  - jmeter.threads.JMeterThread: Thread started: Thread Group 1-830 
2022/04/09 04:02:15 INFO  - jmeter.threads.JMeterThread: Thread started: Thread Group 1-831 
2022/04/09 04:02:15 INFO  - jmeter.threads.JMeterThread: Thread started: Thread Group 1-832 
2022/04/09 04:02:15 INFO  - jmeter.threads.JMeterThread: Thread started: Thread Group 1-833 
2022/04/09 04:02:15 INFO  - jmeter.threads.JMeterThread: Thread started: Thread Group 1-834 
2022/04/09 04:02:15 INFO  - jmeter.threads.JMeterThread: Thread started: Thread Group 1-835 
2022/04/09 04:02:15 INFO  - jmeter.threads.JMeterThread: Thread started: Thread Group 1-836 
2022/04/09 04:02:15 INFO  - jmeter.threads.JMeterThread: Thread started: Thread Group 1-837 
2022/04/09 04:02:15 INFO  - jmeter.threads.JMeterThread: Thread started: Thread Group 1-838 
2022/04/09 04:02:15 INFO  - jmeter.threads.JMeterThread: Thread started: Thread Group 1-839 
2022/04/09 04:02:15 INFO  - jmeter.threads.JMeterThread: Thread started: Thread Group 1-840 
2022/04/09 04:02:15 INFO  - jmeter.threads.JMeterThread: Thread started: Thread Group 1-841 
2022/04/09 04:02:15 INFO  - jmeter.threads.JMeterThread: Thread started: Thread Group 1-842 
2022/04/09 04:02:15 INFO  - jmeter.threads.JMeterThread: Thread started: Thread Group 1-843 
2022/04/09 04:02:15 INFO  - jmeter.threads.JMeterThread: Thread started: Thread Group 1-844 
2022/04/09 04:02:15 INFO  - jmeter.threads.JMeterThread: Thread started: Thread Group 1-845 
2022/04/09 04:02:15 INFO  - jmeter.threads.JMeterThread: Thread started: Thread Group 1-846 
2022/04/09 04:02:15 INFO  - jmeter.threads.JMeterThread: Thread started: Thread Group 1-847 
2022/04/09 04:02:15 INFO  - jmeter.threads.JMeterThread: Thread started: Thread Group 1-848 
2022/04/09 04:02:15 INFO  - jmeter.threads.JMeterThread: Thread started: Thread Group 1-849 
2022/04/09 04:02:15 INFO  - jmeter.threads.JMeterThread: Thread started: Thread Group 1-850 
2022/04/09 04:02:15 INFO  - jmeter.threads.JMeterThread: Thread started: Thread Group 1-851 
2022/04/09 04:02:15 INFO  - jmeter.threads.JMeterThread: Thread started: Thread Group 1-852 
2022/04/09 04:02:15 INFO  - jmeter.threads.JMeterThread: Thread started: Thread Group 1-853 
2022/04/09 04:02:15 INFO  - jmeter.threads.JMeterThread: Thread started: Thread Group 1-854 
2022/04/09 04:02:15 INFO  - jmeter.threads.JMeterThread: Thread started: Thread Group 1-855 
2022/04/09 04:02:15 INFO  - jmeter.threads.JMeterThread: Thread started: Thread Group 1-856 
2022/04/09 04:02:15 INFO  - jmeter.threads.JMeterThread: Thread started: Thread Group 1-857 
2022/04/09 04:02:15 INFO  - jmeter.threads.JMeterThread: Thread started: Thread Group 1-858 
2022/04/09 04:02:15 INFO  - jmeter.threads.JMeterThread: Thread started: Thread Group 1-859 
2022/04/09 04:02:15 INFO  - jmeter.threads.JMeterThread: Thread started: Thread Group 1-860 
2022/04/09 04:02:15 INFO  - jmeter.threads.JMeterThread: Thread started: Thread Group 1-861 
2022/04/09 04:02:15 INFO  - jmeter.threads.JMeterThread: Thread started: Thread Group 1-862 
2022/04/09 04:02:15 INFO  - jmeter.threads.JMeterThread: Thread started: Thread Group 1-863 
2022/04/09 04:02:15 INFO  - jmeter.threads.JMeterThread: Thread started: Thread Group 1-864 
2022/04/09 04:02:15 INFO  - jmeter.threads.JMeterThread: Thread started: Thread Group 1-865 
2022/04/09 04:02:15 INFO  - jmeter.threads.JMeterThread: Thread started: Thread Group 1-866 
2022/04/09 04:02:15 INFO  - jmeter.threads.JMeterThread: Thread started: Thread Group 1-867 
2022/04/09 04:02:15 INFO  - jmeter.threads.JMeterThread: Thread started: Thread Group 1-804 
2022/04/09 04:02:15 INFO  - jmeter.threads.JMeterThread: Thread started: Thread Group 1-868 
2022/04/09 04:02:15 INFO  - jmeter.threads.JMeterThread: Thread started: Thread Group 1-869 
2022/04/09 04:02:15 INFO  - jmeter.threads.JMeterThread: Thread started: Thread Group 1-870 
2022/04/09 04:02:15 INFO  - jmeter.threads.JMeterThread: Thread started: Thread Group 1-871 
2022/04/09 04:02:15 INFO  - jmeter.threads.JMeterThread: Thread started: Thread Group 1-872 
2022/04/09 04:02:15 INFO  - jmeter.threads.JMeterThread: Thread started: Thread Group 1-873 
2022/04/09 04:02:15 INFO  - jmeter.threads.JMeterThread: Thread started: Thread Group 1-874 
2022/04/09 04:02:15 INFO  - jmeter.threads.JMeterThread: Thread started: Thread Group 1-875 
2022/04/09 04:02:15 INFO  - jmeter.threads.JMeterThread: Thread started: Thread Group 1-876 
2022/04/09 04:02:15 INFO  - jmeter.threads.JMeterThread: Thread started: Thread Group 1-877 
2022/04/09 04:02:15 INFO  - jmeter.threads.JMeterThread: Thread started: Thread Group 1-878 
2022/04/09 04:02:15 INFO  - jmeter.threads.JMeterThread: Thread started: Thread Group 1-879 
2022/04/09 04:02:15 INFO  - jmeter.threads.JMeterThread: Thread started: Thread Group 1-880 
2022/04/09 04:02:15 INFO  - jmeter.threads.JMeterThread: Thread started: Thread Group 1-881 
2022/04/09 04:02:15 INFO  - jmeter.threads.JMeterThread: Thread started: Thread Group 1-882 
2022/04/09 04:02:15 INFO  - jmeter.threads.JMeterThread: Thread started: Thread Group 1-883 
2022/04/09 04:02:15 INFO  - jmeter.threads.JMeterThread: Thread started: Thread Group 1-884 
2022/04/09 04:02:15 INFO  - jmeter.threads.JMeterThread: Thread started: Thread Group 1-885 
2022/04/09 04:02:15 INFO  - jmeter.threads.JMeterThread: Thread started: Thread Group 1-812 
2022/04/09 04:02:15 INFO  - jmeter.threads.JMeterThread: Thread started: Thread Group 1-886 
2022/04/09 04:02:15 INFO  - jmeter.threads.JMeterThread: Thread started: Thread Group 1-887 
2022/04/09 04:02:15 INFO  - jmeter.threads.JMeterThread: Thread started: Thread Group 1-811 
2022/04/09 04:02:15 INFO  - jmeter.threads.JMeterThread: Thread started: Thread Group 1-888 
2022/04/09 04:02:15 INFO  - jmeter.threads.JMeterThread: Thread started: Thread Group 1-810 
2022/04/09 04:02:15 INFO  - jmeter.threads.JMeterThread: Thread started: Thread Group 1-889 
2022/04/09 04:02:15 INFO  - jmeter.threads.JMeterThread: Thread started: Thread Group 1-890 
2022/04/09 04:02:15 INFO  - jmeter.threads.JMeterThread: Thread started: Thread Group 1-891 
2022/04/09 04:02:15 INFO  - jmeter.threads.JMeterThread: Thread started: Thread Group 1-892 
2022/04/09 04:02:15 INFO  - jmeter.threads.JMeterThread: Thread started: Thread Group 1-893 
2022/04/09 04:02:15 INFO  - jmeter.threads.JMeterThread: Thread started: Thread Group 1-894 
2022/04/09 04:02:15 INFO  - jmeter.threads.JMeterThread: Thread started: Thread Group 1-895 
2022/04/09 04:02:15 INFO  - jmeter.threads.JMeterThread: Thread started: Thread Group 1-896 
2022/04/09 04:02:15 INFO  - jmeter.threads.JMeterThread: Thread started: Thread Group 1-809 
2022/04/09 04:02:15 INFO  - jmeter.threads.JMeterThread: Thread started: Thread Group 1-897 
2022/04/09 04:02:15 INFO  - jmeter.threads.JMeterThread: Thread started: Thread Group 1-898 
2022/04/09 04:02:15 INFO  - jmeter.threads.JMeterThread: Thread started: Thread Group 1-899 
2022/04/09 04:02:15 INFO  - jmeter.threads.JMeterThread: Thread started: Thread Group 1-900 
2022/04/09 04:02:15 INFO  - jmeter.threads.JMeterThread: Thread started: Thread Group 1-901 
2022/04/09 04:02:15 INFO  - jmeter.threads.JMeterThread: Thread started: Thread Group 1-808 
2022/04/09 04:02:15 INFO  - jmeter.threads.JMeterThread: Thread started: Thread Group 1-902 
2022/04/09 04:02:15 INFO  - jmeter.threads.JMeterThread: Thread started: Thread Group 1-807 
2022/04/09 04:02:15 INFO  - jmeter.threads.JMeterThread: Thread started: Thread Group 1-903 
2022/04/09 04:02:15 INFO  - jmeter.threads.JMeterThread: Thread started: Thread Group 1-806 
2022/04/09 04:02:15 INFO  - jmeter.threads.JMeterThread: Thread started: Thread Group 1-904 
2022/04/09 04:02:15 INFO  - jmeter.threads.JMeterThread: Thread started: Thread Group 1-905 
2022/04/09 04:02:15 INFO  - jmeter.threads.JMeterThread: Thread started: Thread Group 1-906 
2022/04/09 04:02:15 INFO  - jmeter.threads.JMeterThread: Thread started: Thread Group 1-907 
2022/04/09 04:02:15 INFO  - jmeter.threads.JMeterThread: Thread started: Thread Group 1-908 
2022/04/09 04:02:15 INFO  - jmeter.threads.JMeterThread: Thread started: Thread Group 1-909 
2022/04/09 04:02:15 INFO  - jmeter.threads.JMeterThread: Thread started: Thread Group 1-805 
2022/04/09 04:02:15 INFO  - jmeter.threads.JMeterThread: Thread started: Thread Group 1-914 
2022/04/09 04:02:15 INFO  - jmeter.threads.JMeterThread: Thread started: Thread Group 1-922 
2022/04/09 04:02:15 INFO  - jmeter.threads.JMeterThread: Thread started: Thread Group 1-926 
2022/04/09 04:02:15 INFO  - jmeter.threads.JMeterThread: Thread started: Thread Group 1-927 
2022/04/09 04:02:15 INFO  - jmeter.threads.JMeterThread: Thread started: Thread Group 1-911 
2022/04/09 04:02:16 INFO  - jmeter.threads.JMeterThread: Thread started: Thread Group 1-949 
2022/04/09 04:02:15 INFO  - jmeter.threads.JMeterThread: Thread started: Thread Group 1-910 
2022/04/09 04:02:16 INFO  - jmeter.threads.JMeterThread: Thread started: Thread Group 1-950 
2022/04/09 04:02:16 INFO  - jmeter.threads.JMeterThread: Thread started: Thread Group 1-948 
2022/04/09 04:02:16 INFO  - jmeter.threads.JMeterThread: Thread started: Thread Group 1-947 
2022/04/09 04:02:16 INFO  - jmeter.threads.JMeterThread: Thread started: Thread Group 1-946 
2022/04/09 04:02:16 INFO  - jmeter.threads.JMeterThread: Thread started: Thread Group 1-951 
2022/04/09 04:02:16 INFO  - jmeter.threads.JMeterThread: Thread started: Thread Group 1-945 
2022/04/09 04:02:16 INFO  - jmeter.threads.JMeterThread: Thread started: Thread Group 1-930 
2022/04/09 04:02:16 INFO  - jmeter.threads.JMeterThread: Thread started: Thread Group 1-931 
2022/04/09 04:02:16 INFO  - jmeter.threads.JMeterThread: Thread started: Thread Group 1-932 
2022/04/09 04:02:16 INFO  - jmeter.threads.JMeterThread: Thread started: Thread Group 1-933 
2022/04/09 04:02:16 INFO  - jmeter.threads.JMeterThread: Thread started: Thread Group 1-934 
2022/04/09 04:02:16 INFO  - jmeter.threads.JMeterThread: Thread started: Thread Group 1-935 
2022/04/09 04:02:16 INFO  - jmeter.threads.JMeterThread: Thread started: Thread Group 1-953 
2022/04/09 04:02:16 INFO  - jmeter.threads.JMeterThread: Thread started: Thread Group 1-944 
2022/04/09 04:02:16 INFO  - jmeter.threads.JMeterThread: Thread started: Thread Group 1-943 
2022/04/09 04:02:16 INFO  - jmeter.threads.JMeterThread: Thread started: Thread Group 1-956 
2022/04/09 04:02:16 INFO  - jmeter.threads.JMeterThread: Thread started: Thread Group 1-942 
2022/04/09 04:02:16 INFO  - jmeter.threads.JMeterThread: Thread started: Thread Group 1-957 
2022/04/09 04:02:16 INFO  - jmeter.threads.JMeterThread: Thread started: Thread Group 1-958 
2022/04/09 04:02:16 INFO  - jmeter.threads.JMeterThread: Thread started: Thread Group 1-936 
2022/04/09 04:02:16 INFO  - jmeter.threads.JMeterThread: Thread started: Thread Group 1-959 
2022/04/09 04:02:16 INFO  - jmeter.threads.JMeterThread: Thread started: Thread Group 1-937 
2022/04/09 04:02:16 INFO  - jmeter.threads.JMeterThread: Thread started: Thread Group 1-938 
2022/04/09 04:02:16 INFO  - jmeter.threads.JMeterThread: Thread started: Thread Group 1-939 
2022/04/09 04:02:16 INFO  - jmeter.threads.JMeterThread: Thread started: Thread Group 1-940 
2022/04/09 04:02:16 INFO  - jmeter.threads.JMeterThread: Thread started: Thread Group 1-962 
2022/04/09 04:02:16 INFO  - jmeter.threads.JMeterThread: Thread started: Thread Group 1-963 
2022/04/09 04:02:16 INFO  - jmeter.threads.JMeterThread: Thread started: Thread Group 1-964 
2022/04/09 04:02:16 INFO  - jmeter.threads.JMeterThread: Thread started: Thread Group 1-941 
2022/04/09 04:02:15 INFO  - jmeter.threads.JMeterThread: Thread started: Thread Group 1-928 
2022/04/09 04:02:15 INFO  - jmeter.threads.JMeterThread: Thread started: Thread Group 1-924 
2022/04/09 04:02:15 INFO  - jmeter.threads.JMeterThread: Thread started: Thread Group 1-923 
2022/04/09 04:02:15 INFO  - jmeter.threads.JMeterThread: Thread started: Thread Group 1-921 
2022/04/09 04:02:15 INFO  - jmeter.threads.JMeterThread: Thread started: Thread Group 1-920 
2022/04/09 04:02:16 INFO  - jmeter.threads.JMeterThread: Thread started: Thread Group 1-965 
2022/04/09 04:02:15 INFO  - jmeter.threads.JMeterThread: Thread started: Thread Group 1-919 
2022/04/09 04:02:15 INFO  - jmeter.threads.JMeterThread: Thread started: Thread Group 1-918 
2022/04/09 04:02:15 INFO  - jmeter.threads.JMeterThread: Thread started: Thread Group 1-917 
2022/04/09 04:02:15 INFO  - jmeter.threads.JMeterThread: Thread started: Thread Group 1-916 
2022/04/09 04:02:15 INFO  - jmeter.threads.JMeterThread: Thread started: Thread Group 1-915 
2022/04/09 04:02:15 INFO  - jmeter.threads.JMeterThread: Thread started: Thread Group 1-913 
2022/04/09 04:02:15 INFO  - jmeter.threads.JMeterThread: Thread started: Thread Group 1-912 
2022/04/09 04:02:16 INFO  - jmeter.threads.JMeterThread: Thread started: Thread Group 1-960 
2022/04/09 04:02:16 INFO  - jmeter.threads.JMeterThread: Thread started: Thread Group 1-961 
2022/04/09 04:02:16 INFO  - jmeter.threads.JMeterThread: Thread started: Thread Group 1-955 
2022/04/09 04:02:16 INFO  - jmeter.threads.JMeterThread: Thread started: Thread Group 1-966 
2022/04/09 04:02:16 INFO  - jmeter.threads.JMeterThread: Thread started: Thread Group 1-954 
2022/04/09 04:02:16 INFO  - jmeter.threads.JMeterThread: Thread started: Thread Group 1-952 
2022/04/09 04:02:16 INFO  - jmeter.threads.JMeterThread: Thread started: Thread Group 1-925 
2022/04/09 04:02:16 INFO  - jmeter.threads.JMeterThread: Thread started: Thread Group 1-967 
2022/04/09 04:02:16 INFO  - jmeter.threads.JMeterThread: Thread started: Thread Group 1-968 
2022/04/09 04:02:16 INFO  - jmeter.threads.JMeterThread: Thread started: Thread Group 1-969 
2022/04/09 04:02:16 INFO  - jmeter.threads.JMeterThread: Thread started: Thread Group 1-970 
2022/04/09 04:02:16 INFO  - jmeter.threads.JMeterThread: Thread started: Thread Group 1-971 
2022/04/09 04:02:16 INFO  - jmeter.threads.JMeterThread: Thread started: Thread Group 1-972 
2022/04/09 04:02:16 INFO  - jmeter.threads.JMeterThread: Thread started: Thread Group 1-973 
2022/04/09 04:02:16 INFO  - jmeter.threads.JMeterThread: Thread started: Thread Group 1-974 
2022/04/09 04:02:16 INFO  - jmeter.threads.JMeterThread: Thread started: Thread Group 1-975 
2022/04/09 04:02:16 INFO  - jmeter.threads.JMeterThread: Thread started: Thread Group 1-976 
2022/04/09 04:02:16 INFO  - jmeter.threads.JMeterThread: Thread started: Thread Group 1-977 
2022/04/09 04:02:16 INFO  - jmeter.threads.JMeterThread: Thread started: Thread Group 1-978 
2022/04/09 04:02:16 INFO  - jmeter.threads.JMeterThread: Thread started: Thread Group 1-979 
2022/04/09 04:02:16 INFO  - jmeter.threads.JMeterThread: Thread started: Thread Group 1-980 
2022/04/09 04:02:16 INFO  - jmeter.threads.JMeterThread: Thread started: Thread Group 1-981 
2022/04/09 04:02:16 INFO  - jmeter.threads.JMeterThread: Thread started: Thread Group 1-982 
2022/04/09 04:02:16 INFO  - jmeter.threads.JMeterThread: Thread started: Thread Group 1-983 
2022/04/09 04:02:16 INFO  - jmeter.threads.JMeterThread: Thread started: Thread Group 1-984 
2022/04/09 04:02:16 INFO  - jmeter.threads.JMeterThread: Thread started: Thread Group 1-985 
2022/04/09 04:02:16 INFO  - jmeter.threads.JMeterThread: Thread started: Thread Group 1-986 
2022/04/09 04:02:16 INFO  - jmeter.threads.JMeterThread: Thread started: Thread Group 1-987 
2022/04/09 04:02:16 INFO  - jmeter.threads.JMeterThread: Thread started: Thread Group 1-988 
2022/04/09 04:02:16 INFO  - jmeter.threads.JMeterThread: Thread started: Thread Group 1-989 
2022/04/09 04:02:16 INFO  - jmeter.threads.JMeterThread: Thread started: Thread Group 1-990 
2022/04/09 04:02:16 INFO  - jmeter.threads.JMeterThread: Thread started: Thread Group 1-991 
2022/04/09 04:02:16 INFO  - jmeter.threads.JMeterThread: Thread started: Thread Group 1-992 
2022/04/09 04:02:16 INFO  - jmeter.threads.JMeterThread: Thread started: Thread Group 1-993 
2022/04/09 04:02:16 INFO  - jmeter.threads.JMeterThread: Thread started: Thread Group 1-994 
2022/04/09 04:02:16 INFO  - jmeter.threads.JMeterThread: Thread started: Thread Group 1-998 
2022/04/09 04:02:16 INFO  - jmeter.threads.JMeterThread: Thread started: Thread Group 1-999 
2022/04/09 04:02:16 INFO  - jmeter.threads.JMeterThread: Thread started: Thread Group 1-1000 
2022/04/09 04:02:16 INFO  - jmeter.threads.JMeterThread: Thread started: Thread Group 1-929 
2022/04/09 04:02:16 INFO  - jmeter.threads.JMeterThread: Thread started: Thread Group 1-997 
2022/04/09 04:02:16 INFO  - jmeter.threads.JMeterThread: Thread started: Thread Group 1-996 
2022/04/09 04:02:16 INFO  - jmeter.threads.JMeterThread: Thread started: Thread Group 1-995 
2022/04/09 04:02:24 INFO  - jmeter.reporters.ResultCollector: Shutdown hook started 
2022/04/09 04:02:24 INFO  - jmeter.reporters.ResultCollector: Shutdown hook ended 
